
=== [idx= 6] TIME 글로벌AI인공지능액티브 (2023-05-15 ~ 2026-06-14, 805 weekdays) ===
  [ok]   2023-05-15: 8,325B
  [ok]   2023-05-16: 8,289B
  [ok]   2023-05-17: 8,279B
  [ok]   2023-05-18: 8,287B
  [ok]   2023-05-19: 8,297B
  [ok]   2023-05-22: 8,355B
  [ok]   2023-05-23: 8,341B
  [ok]   2023-05-24: 8,361B
  [ok]   2023-05-25: 8,354B
  [ok]   2023-05-26: 8,365B
  [ok]   2023-05-30: 8,365B
  [ok]   2023-05-31: 8,098B
  [ok]   2023-06-01: 8,037B
  [ok]   2023-06-02: 8,082B
  [ok]   2023-06-05: 8,085B
  [ok]   2023-06-07: 8,076B
  [ok]   2023-06-08: 8,219B
  [ok]   2023-06-09: 8,217B
  [ok]   2023-06-12: 8,226B
  [ok]   2023-06-13: 8,222B
  [ok]   2023-06-14: 8,162B
  [ok]   2023-06-15: 8,171B
  [ok]   2023-06-16: 8,169B
  [ok]   2023-06-19: 8,175B
  [ok]   2023-06-20: 8,210B
  [ok]   2023-06-21: 8,214B
  [ok]   2023-06-22: 8,219B
  [ok]   2023-06-23: 8,206B
  [ok]   2023-06-26: 8,259B
  [ok]   2023-06-27: 8,260B
  [ok]   2023-06-28: 8,256B
  [ok]   2023-06-29: 8,255B
  [ok]   2023-06-30: 8,328B
  [ok]   2023-07-03: 8,243B
  [ok]   2023-07-04: 8,245B
  [ok]   2023-07-05: 8,237B
  [ok]   2023-07-06: 8,188B
  [ok]   2023-07-07: 8,189B
  [ok]   2023-07-10: 8,177B
  [ok]   2023-07-11: 8,189B
  [ok]   2023-07-12: 8,196B
  [ok]   2023-07-13: 8,192B
  [ok]   2023-07-14: 8,260B
  [ok]   2023-07-17: 8,177B
  [ok]   2023-07-18: 8,186B
  [ok]   2023-07-19: 8,182B
  [ok]   2023-07-20: 8,181B
  [ok]   2023-07-21: 8,252B
  [ok]   2023-07-24: 8,294B
  [ok]   2023-07-25: 8,299B
  [ok]   2023-07-26: 8,308B
  [ok]   2023-07-27: 8,306B
  [ok]   2023-07-28: 8,301B
  [ok]   2023-07-31: 8,344B
  [ok]   2023-08-01: 8,456B
  [ok]   2023-08-02: 8,484B
  [ok]   2023-08-03: 8,537B
  [ok]   2023-08-04: 8,539B
  [ok]   2023-08-07: 8,596B
  [ok]   2023-08-08: 8,593B
  [ok]   2023-08-09: 8,592B
  [ok]   2023-08-10: 8,594B
  [ok]   2023-08-11: 8,581B
  [ok]   2023-08-14: 8,581B
  [ok]   2023-08-16: 8,584B
  [ok]   2023-08-17: 8,589B
  [ok]   2023-08-18: 8,599B
  [ok]   2023-08-21: 8,579B
  [ok]   2023-08-22: 8,577B
  [ok]   2023-08-23: 8,571B
  [ok]   2023-08-24: 8,574B
  [ok]   2023-08-25: 8,549B
  [ok]   2023-08-28: 8,537B
  [ok]   2023-08-29: 8,434B
  [ok]   2023-08-30: 8,431B
  [ok]   2023-08-31: 8,440B
  [ok]   2023-09-01: 8,449B
  [ok]   2023-09-04: 8,569B
  [ok]   2023-09-05: 8,578B
  [ok]   2023-09-06: 8,576B
  [ok]   2023-09-07: 8,588B
  [ok]   2023-09-08: 8,593B
  [ok]   2023-09-11: 8,595B
  [ok]   2023-09-12: 8,588B
  [ok]   2023-09-13: 8,576B
  [ok]   2023-09-14: 8,589B
  [ok]   2023-09-15: 8,582B
  [ok]   2023-09-18: 8,578B
  [ok]   2023-09-19: 8,598B
  [ok]   2023-09-20: 8,598B
  [ok]   2023-09-21: 8,593B
  [ok]   2023-09-22: 8,635B
  [ok]   2023-09-25: 8,625B
  [ok]   2023-09-26: 8,631B
  [ok]   2023-09-27: 8,624B
  [ok]   2023-10-04: 8,620B
  [ok]   2023-10-05: 8,620B
  [ok]   2023-10-06: 8,640B
  [ok]   2023-10-10: 8,629B
  [ok]   2023-10-11: 8,629B
  [ok]   2023-10-12: 8,465B
  [ok]   2023-10-13: 8,469B
  [ok]   2023-10-16: 8,374B
  [ok]   2023-10-17: 8,383B
  [ok]   2023-10-18: 8,382B
  [ok]   2023-10-19: 8,380B
  [ok]   2023-10-20: 8,335B
  [ok]   2023-10-23: 8,336B
  [ok]   2023-10-24: 8,340B
  [ok]   2023-10-25: 8,318B
  [ok]   2023-10-26: 8,328B
  [ok]   2023-10-27: 8,336B
  [ok]   2023-10-30: 8,329B
  [ok]   2023-10-31: 8,374B
  [ok]   2023-11-01: 8,365B
  [ok]   2023-11-02: 8,375B
  [ok]   2023-11-03: 8,484B
  [ok]   2023-11-06: 8,487B
  [ok]   2023-11-07: 8,528B
  [ok]   2023-11-08: 8,515B
  [ok]   2023-11-09: 8,515B
  [ok]   2023-11-10: 8,527B
  [ok]   2023-11-13: 8,533B
  [ok]   2023-11-14: 8,521B
  [ok]   2023-11-15: 8,514B
  [ok]   2023-11-16: 8,529B
  [ok]   2023-11-17: 8,528B
  [ok]   2023-11-20: 8,517B
  [ok]   2023-11-21: 8,518B
  [ok]   2023-11-22: 8,504B
  [ok]   2023-11-23: 8,516B
  [ok]   2023-11-24: 8,573B
  [ok]   2023-11-27: 8,561B
  [ok]   2023-11-28: 8,693B
  [ok]   2023-11-29: 8,678B
  [ok]   2023-11-30: 8,687B
  [ok]   2023-12-01: 8,687B
  [ok]   2023-12-04: 8,774B
  [ok]   2023-12-05: 8,824B
  [ok]   2023-12-06: 8,814B
  [ok]   2023-12-07: 8,811B
  [ok]   2023-12-08: 8,814B
  [ok]   2023-12-11: 8,806B
  [ok]   2023-12-12: 8,814B
  [ok]   2023-12-13: 8,863B
  [ok]   2023-12-14: 8,869B
  [ok]   2023-12-15: 8,876B
  [ok]   2023-12-18: 8,774B
  [ok]   2023-12-19: 8,769B
  [ok]   2023-12-20: 8,773B
  [ok]   2023-12-21: 8,765B
  [ok]   2023-12-22: 8,769B
  [ok]   2023-12-26: 8,777B
  [ok]   2023-12-27: 8,777B
  [ok]   2023-12-28: 8,760B
  [ok]   2024-01-02: 8,762B
  [ok]   2024-01-03: 8,712B
  [ok]   2024-01-04: 8,699B
  [ok]   2024-01-05: 8,703B
  [ok]   2024-01-08: 8,712B
  [ok]   2024-01-09: 8,614B
  [ok]   2024-01-10: 8,618B
  [ok]   2024-01-11: 8,633B
  [ok]   2024-01-12: 8,622B
  [ok]   2024-01-15: 8,622B
  [ok]   2024-01-16: 8,656B
  [ok]   2024-01-17: 8,602B
  [ok]   2024-01-18: 8,618B
  [ok]   2024-01-19: 8,611B
  [ok]   2024-01-22: 8,666B
  [ok]   2024-01-23: 8,781B
  [ok]   2024-01-24: 8,717B
  [ok]   2024-01-25: 8,624B
  [ok]   2024-01-26: 8,530B
  [ok]   2024-01-29: 8,534B
  [ok]   2024-01-30: 8,589B
  [ok]   2024-01-31: 8,428B
  [ok]   2024-02-01: 8,381B
  [ok]   2024-02-02: 8,376B
  [ok]   2024-02-05: 8,444B
  [ok]   2024-02-06: 8,553B
  [ok]   2024-02-07: 8,542B
  [ok]   2024-02-08: 8,536B
  [ok]   2024-02-13: 8,494B
  [ok]   2024-02-14: 8,497B
  [ok]   2024-02-15: 8,453B
  [ok]   2024-02-16: 8,453B
  [ok]   2024-02-19: 8,505B
  [ok]   2024-02-20: 8,492B
  [ok]   2024-02-21: 8,493B
  [ok]   2024-02-22: 8,541B
  [ok]   2024-02-23: 8,542B
  [ok]   2024-02-26: 8,552B
  [ok]   2024-02-27: 8,543B
  [ok]   2024-02-28: 8,457B
  [ok]   2024-02-29: 8,465B
  [ok]   2024-03-04: 8,393B
  [ok]   2024-03-05: 8,392B
  [ok]   2024-03-06: 8,349B
  [ok]   2024-03-07: 8,342B
  [ok]   2024-03-08: 8,343B
  [ok]   2024-03-11: 8,412B
  [ok]   2024-03-12: 8,397B
  [ok]   2024-03-13: 8,448B
  [ok]   2024-03-14: 8,430B
  [ok]   2024-03-15: 8,504B
  [ok]   2024-03-18: 8,494B
  [ok]   2024-03-19: 8,500B
  [ok]   2024-03-20: 8,547B
  [ok]   2024-03-21: 8,553B
  [ok]   2024-03-22: 8,584B
  [ok]   2024-03-25: 8,581B
  [ok]   2024-03-26: 8,589B
  [ok]   2024-03-27: 8,559B
  [ok]   2024-03-28: 8,701B
  [ok]   2024-03-29: 8,695B
  [ok]   2024-04-01: 8,706B
  [ok]   2024-04-02: 8,708B
  [ok]   2024-04-03: 8,709B
  [ok]   2024-04-04: 8,634B
  [ok]   2024-04-05: 8,592B
  [ok]   2024-04-08: 8,653B
  [ok]   2024-04-09: 8,674B
  [ok]   2024-04-11: 8,673B
  [ok]   2024-04-12: 8,661B
  [ok]   2024-04-15: 8,660B
  [ok]   2024-04-16: 8,708B
  [ok]   2024-04-17: 8,711B
  [ok]   2024-04-18: 8,715B
  [ok]   2024-04-19: 8,702B
  [ok]   2024-04-22: 8,714B
  [ok]   2024-04-23: 8,731B
  [ok]   2024-04-24: 8,810B
  [ok]   2024-04-25: 8,815B
  [ok]   2024-04-26: 8,797B
  [ok]   2024-04-29: 8,759B
  [ok]   2024-04-30: 8,638B
  [ok]   2024-05-02: 8,646B
  [ok]   2024-05-03: 8,674B
  [ok]   2024-05-07: 8,671B
  [ok]   2024-05-08: 8,674B
  [ok]   2024-05-09: 8,665B
  [ok]   2024-05-10: 8,671B
  [ok]   2024-05-13: 8,730B
  [ok]   2024-05-14: 8,739B
  [ok]   2024-05-16: 8,735B
  [ok]   2024-05-17: 8,727B
  [ok]   2024-05-20: 8,737B
  [ok]   2024-05-21: 8,729B
  [ok]   2024-05-22: 8,721B
  [ok]   2024-05-23: 8,729B
  [ok]   2024-05-24: 8,734B
  [ok]   2024-05-27: 8,739B
  [ok]   2024-05-28: 8,738B
  [ok]   2024-05-29: 8,723B
  [ok]   2024-05-30: 8,734B
  [ok]   2024-05-31: 8,745B
  [ok]   2024-06-03: 8,734B
  [ok]   2024-06-04: 8,831B
  [ok]   2024-06-05: 8,879B
  [ok]   2024-06-07: 8,883B
  [ok]   2024-06-10: 8,891B
  [ok]   2024-06-11: 8,876B
  [ok]   2024-06-12: 8,895B
  [ok]   2024-06-13: 8,842B
  [ok]   2024-06-14: 8,848B
  [ok]   2024-06-17: 8,853B
  [ok]   2024-06-18: 8,855B
  [ok]   2024-06-19: 8,809B
  [ok]   2024-06-20: 8,702B
  [ok]   2024-06-21: 8,604B
  [ok]   2024-06-24: 8,607B
  [ok]   2024-06-25: 8,605B
  [ok]   2024-06-26: 8,614B
  [ok]   2024-06-27: 8,617B
  [ok]   2024-06-28: 8,617B
  [ok]   2024-07-01: 8,604B
  [ok]   2024-07-02: 8,619B
  [ok]   2024-07-03: 8,620B
  [ok]   2024-07-04: 8,622B
  [ok]   2024-07-05: 8,613B
  [ok]   2024-07-08: 8,620B
  [ok]   2024-07-09: 8,570B
  [ok]   2024-07-10: 8,575B
  [ok]   2024-07-11: 8,516B
  [ok]   2024-07-12: 8,504B
  [ok]   2024-07-15: 8,512B
  [ok]   2024-07-16: 8,506B
  [ok]   2024-07-17: 8,513B
  [ok]   2024-07-18: 8,515B
  [ok]   2024-07-19: 8,669B
  [ok]   2024-07-22: 8,676B
  [ok]   2024-07-23: 8,719B
  [ok]   2024-07-24: 8,722B
  [ok]   2024-07-25: 8,677B
  [ok]   2024-07-26: 8,671B
  [ok]   2024-07-29: 8,670B
  [ok]   2024-07-30: 8,677B
  [ok]   2024-07-31: 8,632B
  [ok]   2024-08-01: 8,629B
  [ok]   2024-08-02: 8,582B
  [ok]   2024-08-05: 8,579B
  [ok]   2024-08-06: 8,576B
  [ok]   2024-08-07: 8,580B
  [ok]   2024-08-08: 8,591B
  [ok]   2024-08-09: 8,572B
  [ok]   2024-08-12: 8,589B
  [ok]   2024-08-13: 8,583B
  [ok]   2024-08-14: 8,597B
  [ok]   2024-08-16: 8,593B
  [ok]   2024-08-19: 8,582B
  [ok]   2024-08-20: 8,585B
  [ok]   2024-08-21: 8,581B
  [ok]   2024-08-22: 8,586B
  [ok]   2024-08-23: 8,697B
  [ok]   2024-08-26: 8,707B
  [ok]   2024-08-27: 8,751B
  [ok]   2024-08-28: 8,748B
  [ok]   2024-08-29: 8,754B
  [ok]   2024-08-30: 8,689B
  [ok]   2024-09-02: 8,643B
  [ok]   2024-09-03: 8,644B
  [ok]   2024-09-04: 8,650B
  [ok]   2024-09-05: 8,625B
  [ok]   2024-09-06: 8,645B
  [ok]   2024-09-09: 8,644B
  [ok]   2024-09-10: 8,636B
  [ok]   2024-09-11: 8,633B
  [ok]   2024-09-12: 8,638B
  [ok]   2024-09-13: 8,637B
  [ok]   2024-09-19: 8,644B
  [ok]   2024-09-20: 8,685B
  [ok]   2024-09-23: 8,599B
  [ok]   2024-09-24: 8,584B
  [ok]   2024-09-25: 8,442B
  [ok]   2024-09-26: 8,440B
  [ok]   2024-09-27: 8,447B
  [ok]   2024-09-30: 8,384B
  [ok]   2024-10-02: 8,382B
  [ok]   2024-10-04: 8,388B
  [ok]   2024-10-07: 8,382B
  [ok]   2024-10-08: 8,385B
  [ok]   2024-10-10: 8,380B
  [ok]   2024-10-11: 8,383B
  [ok]   2024-10-14: 8,378B
  [ok]   2024-10-15: 8,378B
  [ok]   2024-10-16: 8,379B
  [ok]   2024-10-17: 8,390B
  [ok]   2024-10-18: 8,380B
  [ok]   2024-10-21: 8,383B
  [ok]   2024-10-22: 8,330B
  [ok]   2024-10-23: 8,430B
  [ok]   2024-10-24: 8,430B
  [ok]   2024-10-25: 8,434B
  [ok]   2024-10-28: 8,421B
  [ok]   2024-10-29: 8,438B
  [ok]   2024-10-30: 8,507B
  [ok]   2024-10-31: 8,495B
  [ok]   2024-11-01: 8,492B
  [ok]   2024-11-04: 8,483B
  [ok]   2024-11-05: 8,476B
  [ok]   2024-11-06: 8,462B
  [ok]   2024-11-07: 8,481B
  [ok]   2024-11-08: 8,426B
  [ok]   2024-11-11: 8,419B
  [ok]   2024-11-12: 8,377B
  [ok]   2024-11-13: 8,373B
  [ok]   2024-11-14: 8,373B
  [ok]   2024-11-15: 8,485B
  [ok]   2024-11-18: 8,481B
  [ok]   2024-11-19: 8,532B
  [ok]   2024-11-20: 8,566B
  [ok]   2024-11-21: 8,582B
  [ok]   2024-11-22: 8,572B
  [ok]   2024-11-25: 8,581B
  [ok]   2024-11-26: 8,707B
  [ok]   2024-11-27: 8,718B
  [ok]   2024-11-28: 8,725B
  [ok]   2024-11-29: 8,703B
  [ok]   2024-12-02: 8,773B
  [ok]   2024-12-03: 8,703B
  [ok]   2024-12-04: 8,716B
  [ok]   2024-12-05: 8,626B
  [ok]   2024-12-06: 8,615B
  [ok]   2024-12-09: 8,528B
  [ok]   2024-12-10: 8,674B
  [ok]   2024-12-11: 8,546B
  [ok]   2024-12-12: 8,505B
  [ok]   2024-12-13: 8,514B
  [ok]   2024-12-16: 8,509B
  [ok]   2024-12-17: 8,514B
  [ok]   2024-12-18: 8,523B
  [ok]   2024-12-19: 8,599B
  [ok]   2024-12-20: 8,584B
  [ok]   2024-12-23: 8,582B
  [ok]   2024-12-24: 8,568B
  [ok]   2024-12-26: 8,570B
  [ok]   2024-12-27: 8,579B
  [ok]   2024-12-30: 8,576B
  [ok]   2025-01-02: 8,584B
  [ok]   2025-01-03: 8,633B
  [ok]   2025-01-06: 8,714B
  [ok]   2025-01-07: 8,701B
  [ok]   2025-01-08: 8,777B
  [ok]   2025-01-09: 8,708B
  [ok]   2025-01-10: 8,703B
  [ok]   2025-01-13: 8,638B
  [ok]   2025-01-14: 8,528B
  [ok]   2025-01-15: 8,549B
  [ok]   2025-01-16: 8,643B
  [ok]   2025-01-17: 8,776B
  [ok]   2025-01-20: 8,843B
  [ok]   2025-01-21: 8,832B
  [ok]   2025-01-22: 8,999B
  [ok]   2025-01-23: 9,013B
  [ok]   2025-01-24: 9,098B
  [ok]   2025-01-31: 9,148B
  [ok]   2025-02-03: 9,175B
  [ok]   2025-02-04: 9,073B
  [ok]   2025-02-05: 9,065B
  [ok]   2025-02-06: 9,045B
  [ok]   2025-02-07: 9,067B
  [ok]   2025-02-10: 9,076B
  [ok]   2025-02-11: 9,063B
  [ok]   2025-02-12: 9,056B
  [ok]   2025-02-13: 9,077B
  [ok]   2025-02-14: 9,166B
  [ok]   2025-02-17: 9,139B
  [ok]   2025-02-18: 9,139B
  [ok]   2025-02-19: 9,211B
  [ok]   2025-02-20: 9,153B
  [ok]   2025-02-21: 9,147B
  [ok]   2025-02-24: 9,150B
  [ok]   2025-02-25: 9,166B
  [ok]   2025-02-26: 9,193B
  [ok]   2025-02-27: 9,146B
  [ok]   2025-02-28: 9,138B
  [ok]   2025-03-04: 9,147B
  [ok]   2025-03-05: 9,140B
  [ok]   2025-03-06: 8,923B
  [ok]   2025-03-07: 8,916B
  [ok]   2025-03-10: 8,926B
  [ok]   2025-03-11: 8,919B
  [ok]   2025-03-12: 8,912B
  [ok]   2025-03-13: 8,912B
  [ok]   2025-03-14: 8,916B
  [ok]   2025-03-17: 8,916B
  [ok]   2025-03-18: 8,928B
  [ok]   2025-03-19: 8,933B
  [ok]   2025-03-20: 9,017B
  [ok]   2025-03-21: 9,067B
  [ok]   2025-03-24: 9,053B
  [ok]   2025-03-25: 9,072B
  [ok]   2025-03-26: 9,009B
  [ok]   2025-03-27: 9,020B
  [ok]   2025-03-28: 9,013B
  [ok]   2025-03-31: 9,003B
  [ok]   2025-04-01: 9,002B
  [ok]   2025-04-02: 8,996B
  [ok]   2025-04-03: 9,124B
  [ok]   2025-04-04: 9,111B
  [ok]   2025-04-07: 9,122B
  [ok]   2025-04-08: 9,123B
  [ok]   2025-04-09: 9,123B
  [ok]   2025-04-10: 9,125B
  [ok]   2025-04-11: 8,935B
  [ok]   2025-04-14: 8,926B
  [ok]   2025-04-15: 8,910B
  [ok]   2025-04-16: 8,969B
  [ok]   2025-04-17: 8,959B
  [ok]   2025-04-18: 8,968B
  [ok]   2025-04-21: 8,950B
  [ok]   2025-04-22: 9,004B
  [ok]   2025-04-23: 9,020B
  [ok]   2025-04-24: 8,963B
  [ok]   2025-04-25: 8,948B
  [ok]   2025-04-28: 8,965B
  [ok]   2025-04-29: 8,927B
  [ok]   2025-04-30: 8,944B
  [ok]   2025-05-02: 8,931B
  [ok]   2025-05-07: 8,933B
  [ok]   2026-05-14: 8,807B
  [ok]   2026-05-15: 8,633B
  [ok]   2026-05-18: 9,105B
  [ok]   2026-05-19: 9,102B
  [ok]   2026-05-20: 8,548B
  [ok]   2026-05-21: 8,552B
  [ok]   2026-05-22: 8,540B
  [ok]   2026-05-26: 8,556B
  [ok]   2026-05-27: 8,556B
  [ok]   2026-05-28: 8,555B
  [ok]   2026-05-29: 8,557B
  [ok]   2026-06-01: 8,607B
  [ok]   2026-06-02: 8,605B
  [ok]   2026-06-04: 8,553B
  [ok]   2026-06-05: 8,573B
  [ok]   2026-06-08: 8,563B
  [ok]   2026-06-09: 8,548B
  [ok]   2026-06-10: 8,531B
  [ok]   2026-06-11: 8,552B
  [ok]   2026-06-12: 8,546B
  -> saved 501 | skipped 248 | no-data 56 | removed-empty 17 | failed 0

=== [idx=11] TIME 코스피액티브 (2021-05-24 ~ 2026-06-14, 1320 weekdays) ===
  [ok]   2021-05-24: 10,292B
  [ok]   2021-05-25: 10,156B
  [ok]   2021-05-26: 10,188B
  [ok]   2021-05-27: 10,389B
  [ok]   2021-05-28: 10,132B
  [ok]   2021-05-31: 10,143B
  [ok]   2021-06-01: 10,085B
  [ok]   2021-06-02: 10,089B
  [ok]   2021-06-03: 9,918B
  [ok]   2021-06-04: 9,906B
  [ok]   2021-06-07: 9,781B
  [ok]   2021-06-08: 9,737B
  [ok]   2021-06-09: 8,715B
  [ok]   2021-06-10: 8,708B
  [ok]   2021-06-11: 8,711B
  [ok]   2021-06-14: 8,378B
  [ok]   2021-06-15: 8,228B
  [ok]   2021-06-16: 8,158B
  [ok]   2021-06-17: 8,175B
  [ok]   2021-06-18: 8,087B
  [ok]   2021-06-21: 8,286B
  [ok]   2021-06-22: 8,272B
  [ok]   2021-06-23: 8,175B
  [ok]   2021-06-24: 8,211B
  [ok]   2021-06-25: 8,168B
  [ok]   2021-06-28: 8,061B
  [ok]   2021-06-29: 8,299B
  [ok]   2021-06-30: 8,307B
  [ok]   2021-07-01: 8,342B
  [ok]   2021-07-02: 8,362B
  [ok]   2021-07-05: 8,461B
  [ok]   2021-07-06: 8,523B
  [ok]   2021-07-07: 8,459B
  [ok]   2021-07-08: 8,316B
  [ok]   2021-07-09: 8,410B
  [ok]   2021-07-12: 8,281B
  [ok]   2021-07-13: 8,233B
  [ok]   2021-07-14: 8,241B
  [ok]   2021-07-15: 8,146B
  [ok]   2021-07-16: 8,171B
  [ok]   2021-07-19: 8,186B
  [ok]   2021-07-20: 8,273B
  [ok]   2021-07-21: 8,438B
  [ok]   2021-07-22: 8,454B
  [ok]   2021-07-23: 8,507B
  [ok]   2021-07-26: 8,422B
  [ok]   2021-07-27: 8,373B
  [ok]   2021-07-28: 8,345B
  [ok]   2021-07-29: 8,407B
  [ok]   2021-07-30: 8,392B
  [ok]   2021-08-02: 8,288B
  [ok]   2021-08-03: 8,336B
  [ok]   2021-08-04: 8,343B
  [ok]   2021-08-05: 8,336B
  [ok]   2021-08-06: 8,356B
  [ok]   2021-08-09: 8,407B
  [ok]   2021-08-10: 8,370B
  [ok]   2021-08-11: 8,288B
  [ok]   2021-08-12: 8,248B
  [ok]   2021-08-13: 8,257B
  [ok]   2021-08-17: 8,133B
  [ok]   2021-08-18: 7,964B
  [ok]   2021-08-19: 8,151B
  [ok]   2021-08-20: 8,176B
  [ok]   2021-08-23: 8,198B
  [ok]   2021-08-24: 8,295B
  [ok]   2021-08-25: 8,291B
  [ok]   2021-08-26: 8,244B
  [ok]   2021-08-27: 8,158B
  [ok]   2021-08-30: 8,131B
  [ok]   2021-08-31: 8,222B
  [ok]   2021-09-01: 8,265B
  [ok]   2021-09-02: 8,272B
  [ok]   2021-09-03: 8,234B
  [ok]   2021-09-06: 8,308B
  [ok]   2021-09-07: 8,345B
  [ok]   2021-09-08: 8,283B
  [ok]   2021-09-09: 8,331B
  [ok]   2021-09-10: 8,427B
  [ok]   2021-09-13: 8,410B
  [ok]   2021-09-14: 8,464B
  [ok]   2021-09-15: 8,561B
  [ok]   2021-09-16: 8,531B
  [ok]   2021-09-17: 8,536B
  [ok]   2021-09-23: 8,522B
  [ok]   2021-09-24: 8,424B
  [ok]   2021-09-27: 8,371B
  [ok]   2021-09-28: 8,358B
  [ok]   2021-09-29: 8,411B
  [ok]   2021-09-30: 8,351B
  [ok]   2021-10-01: 8,300B
  [ok]   2021-10-05: 8,280B
  [ok]   2021-10-06: 8,293B
  [ok]   2021-10-07: 8,256B
  [ok]   2021-10-08: 8,212B
  [ok]   2021-10-12: 8,261B
  [ok]   2021-10-13: 8,206B
  [ok]   2021-10-14: 8,202B
  [ok]   2021-10-15: 8,198B
  [ok]   2021-10-18: 8,196B
  [ok]   2021-10-19: 8,191B
  [ok]   2021-10-20: 8,205B
  [ok]   2021-10-21: 8,203B
  [ok]   2021-10-22: 8,097B
  [ok]   2021-10-25: 8,102B
  [ok]   2021-10-26: 8,091B
  [ok]   2021-10-27: 8,101B
  [ok]   2021-10-28: 8,085B
  [ok]   2021-10-29: 8,158B
  [ok]   2021-11-01: 8,170B
  [ok]   2021-11-02: 8,107B
  [ok]   2021-11-03: 8,079B
  [ok]   2021-11-04: 8,034B
  [ok]   2021-11-05: 8,045B
  [ok]   2021-11-08: 7,891B
  [ok]   2021-11-09: 7,845B
  [ok]   2021-11-10: 7,850B
  [ok]   2021-11-11: 7,995B
  [ok]   2021-11-12: 8,119B
  [ok]   2021-11-15: 8,171B
  [ok]   2021-11-16: 8,192B
  [ok]   2021-11-17: 8,190B
  [ok]   2021-11-18: 8,136B
  [ok]   2021-11-19: 8,168B
  [ok]   2021-11-22: 7,994B
  [ok]   2021-11-23: 7,939B
  [ok]   2021-11-24: 7,998B
  [ok]   2021-11-25: 7,948B
  [ok]   2021-11-26: 7,850B
  [ok]   2021-11-29: 7,958B
  [ok]   2021-11-30: 8,003B
  [ok]   2021-12-01: 8,014B
  [ok]   2021-12-02: 8,002B
  [ok]   2021-12-03: 8,100B
  [ok]   2021-12-06: 8,143B
  [ok]   2021-12-07: 8,095B
  [ok]   2021-12-08: 8,087B
  [ok]   2021-12-09: 8,080B
  [ok]   2021-12-10: 8,131B
  [ok]   2021-12-13: 8,141B
  [ok]   2021-12-14: 8,134B
  [ok]   2021-12-15: 8,182B
  [ok]   2021-12-16: 8,131B
  [ok]   2021-12-17: 8,091B
  [ok]   2021-12-20: 8,155B
  [ok]   2021-12-21: 8,174B
  [ok]   2021-12-22: 8,081B
  [ok]   2021-12-23: 7,911B
  [ok]   2021-12-24: 7,914B
  [ok]   2021-12-27: 7,867B
  [ok]   2021-12-28: 7,862B
  [ok]   2021-12-29: 8,004B
  [ok]   2021-12-30: 8,100B
  [ok]   2022-01-03: 8,140B
  [ok]   2022-01-04: 8,102B
  [ok]   2022-01-05: 7,991B
  [ok]   2022-01-06: 8,072B
  [ok]   2022-01-07: 8,088B
  [ok]   2022-01-10: 8,128B
  [ok]   2022-01-11: 8,239B
  [ok]   2022-01-12: 8,200B
  [ok]   2022-01-13: 8,199B
  [ok]   2022-01-14: 8,139B
  [ok]   2022-01-17: 8,192B
  [ok]   2022-01-18: 8,140B
  [ok]   2022-01-19: 8,134B
  [ok]   2022-01-20: 8,131B
  [ok]   2022-01-21: 8,191B
  [ok]   2022-01-24: 8,160B
  [ok]   2022-01-25: 8,205B
  [ok]   2022-01-26: 8,261B
  [ok]   2022-01-27: 8,238B
  [ok]   2022-01-28: 8,175B
  [ok]   2022-02-03: 8,169B
  [ok]   2022-02-04: 8,223B
  [ok]   2022-02-07: 8,175B
  [ok]   2022-02-08: 8,132B
  [ok]   2022-02-09: 8,015B
  [ok]   2022-02-10: 8,022B
  [ok]   2022-02-11: 8,013B
  [ok]   2022-02-14: 8,028B
  [ok]   2022-02-15: 8,017B
  [ok]   2022-02-16: 8,091B
  [ok]   2022-02-17: 8,027B
  [ok]   2022-02-18: 8,017B
  [ok]   2022-02-21: 8,070B
  [ok]   2022-02-22: 8,165B
  [ok]   2022-02-23: 8,116B
  [ok]   2022-02-24: 8,110B
  [ok]   2022-02-25: 8,089B
  [ok]   2022-02-28: 8,050B
  [ok]   2022-03-02: 8,062B
  [ok]   2022-03-03: 8,114B
  [ok]   2022-03-04: 8,074B
  [ok]   2022-03-07: 8,076B
  [ok]   2022-03-08: 8,087B
  [ok]   2022-03-10: 8,075B
  [ok]   2022-03-11: 8,025B
  [ok]   2022-03-14: 8,025B
  [ok]   2022-03-15: 8,012B
  [ok]   2022-03-16: 8,028B
  [ok]   2022-03-17: 8,028B
  [ok]   2022-03-18: 8,021B
  [ok]   2022-03-21: 8,019B
  [ok]   2022-03-22: 8,026B
  [ok]   2022-03-23: 8,076B
  [ok]   2022-03-24: 8,110B
  [ok]   2022-03-25: 8,130B
  [ok]   2022-03-28: 8,134B
  [ok]   2022-03-29: 8,120B
  [ok]   2022-03-30: 8,130B
  [ok]   2022-03-31: 8,078B
  [ok]   2022-04-01: 8,079B
  [ok]   2022-04-04: 8,127B
  [ok]   2022-04-05: 8,129B
  [ok]   2022-04-06: 7,963B
  [ok]   2022-04-07: 7,953B
  [ok]   2022-04-08: 7,980B
  [ok]   2022-04-11: 7,974B
  [ok]   2022-04-12: 7,932B
  [ok]   2022-04-13: 8,003B
  [ok]   2022-04-14: 8,009B
  [ok]   2022-04-15: 7,949B
  [ok]   2022-04-18: 8,012B
  [ok]   2022-04-19: 8,060B
  [ok]   2022-04-20: 8,013B
  [ok]   2022-04-21: 8,004B
  [ok]   2022-04-22: 8,061B
  [ok]   2022-04-25: 8,106B
  [ok]   2022-04-26: 8,095B
  [ok]   2022-04-27: 8,061B
  [ok]   2022-04-28: 8,063B
  [ok]   2022-04-29: 8,118B
  [ok]   2022-05-02: 8,046B
  [ok]   2022-05-03: 8,002B
  [ok]   2022-05-04: 7,989B
  [ok]   2022-05-06: 7,997B
  [ok]   2022-05-09: 7,999B
  [ok]   2022-05-10: 8,045B
  [ok]   2022-05-11: 8,056B
  [ok]   2022-05-12: 8,056B
  [ok]   2022-05-13: 7,985B
  [ok]   2022-05-16: 7,932B
  [ok]   2022-05-17: 7,934B
  [ok]   2022-05-18: 7,933B
  [ok]   2022-05-19: 7,921B
  [ok]   2022-05-20: 7,938B
  [ok]   2022-05-23: 7,936B
  [ok]   2022-05-24: 7,980B
  [ok]   2022-05-25: 7,873B
  [ok]   2022-05-26: 7,881B
  [ok]   2022-05-27: 7,885B
  [ok]   2022-05-30: 7,884B
  [ok]   2022-05-31: 7,933B
  [ok]   2022-06-02: 7,935B
  [ok]   2022-06-03: 7,944B
  [ok]   2022-06-07: 7,981B
  [ok]   2022-06-08: 7,932B
  [ok]   2022-06-09: 7,942B
  [ok]   2022-06-10: 7,974B
  [ok]   2022-06-13: 7,978B
  [ok]   2022-06-14: 7,923B
  [ok]   2022-06-15: 7,922B
  [ok]   2022-06-16: 7,933B
  [ok]   2022-06-17: 7,938B
  [ok]   2022-06-20: 7,845B
  [ok]   2022-06-21: 7,894B
  [ok]   2022-06-22: 7,890B
  [ok]   2022-06-23: 7,892B
  [ok]   2022-06-24: 7,890B
  [ok]   2022-06-27: 7,947B
  [ok]   2022-06-28: 8,043B
  [ok]   2022-06-29: 7,995B
  [ok]   2022-06-30: 7,985B
  [ok]   2022-07-01: 7,999B
  [ok]   2022-07-04: 7,991B
  [ok]   2022-07-05: 8,003B
  [ok]   2022-07-06: 8,003B
  [ok]   2022-07-07: 8,047B
  [ok]   2022-07-08: 8,011B
  [ok]   2022-07-11: 8,105B
  [ok]   2022-07-12: 8,104B
  [ok]   2022-07-13: 8,151B
  [ok]   2022-07-14: 8,198B
  [ok]   2022-07-15: 8,203B
  [ok]   2022-07-18: 8,160B
  [ok]   2022-07-19: 8,154B
  [ok]   2022-07-20: 8,151B
  [ok]   2022-07-21: 8,141B
  [ok]   2022-07-22: 8,156B
  [ok]   2022-07-25: 8,156B
  [ok]   2022-07-26: 8,205B
  [ok]   2022-07-27: 8,193B
  [ok]   2022-07-28: 8,198B
  [ok]   2022-07-29: 8,199B
  [ok]   2022-08-01: 8,155B
  [ok]   2022-08-02: 8,177B
  [ok]   2022-08-03: 8,115B
  [ok]   2022-08-04: 8,117B
  [ok]   2022-08-05: 8,128B
  [ok]   2022-08-08: 8,166B
  [ok]   2022-08-09: 8,216B
  [ok]   2022-08-10: 8,211B
  [ok]   2022-08-11: 8,170B
  [ok]   2022-08-12: 8,182B
  [ok]   2022-08-16: 8,217B
  [ok]   2022-08-17: 8,220B
  [ok]   2022-08-18: 8,241B
  [ok]   2022-08-19: 8,227B
  [ok]   2022-08-22: 8,289B
  [ok]   2022-08-23: 8,280B
  [ok]   2022-08-24: 8,279B
  [ok]   2022-08-25: 8,383B
  [ok]   2022-08-26: 8,388B
  [ok]   2022-08-29: 8,281B
  [ok]   2022-08-30: 8,139B
  [ok]   2022-08-31: 8,101B
  [ok]   2022-09-01: 8,029B
  [ok]   2022-09-02: 8,026B
  [ok]   2022-09-05: 8,020B
  [ok]   2022-09-06: 8,023B
  [ok]   2022-09-07: 8,024B
  [ok]   2022-09-08: 8,018B
  [ok]   2022-09-13: 7,959B
  [ok]   2022-09-14: 8,108B
  [ok]   2022-09-15: 8,120B
  [ok]   2022-09-16: 8,153B
  [ok]   2022-09-19: 8,213B
  [ok]   2022-09-20: 8,206B
  [ok]   2022-09-21: 8,215B
  [ok]   2022-09-22: 8,179B
  [ok]   2022-09-23: 8,178B
  [ok]   2022-09-26: 8,169B
  [ok]   2022-09-27: 8,176B
  [ok]   2022-09-28: 8,169B
  [ok]   2022-09-29: 8,184B
  [ok]   2022-09-30: 8,172B
  [ok]   2022-10-04: 8,170B
  [ok]   2022-10-05: 8,172B
  [ok]   2022-10-06: 8,138B
  [ok]   2022-10-07: 8,227B
  [ok]   2022-10-11: 8,221B
  [ok]   2022-10-12: 8,282B
  [ok]   2022-10-13: 8,276B
  [ok]   2022-10-14: 8,286B
  [ok]   2022-10-17: 8,284B
  [ok]   2022-10-18: 8,367B
  [ok]   2022-10-19: 8,407B
  [ok]   2022-10-20: 8,404B
  [ok]   2022-10-21: 8,414B
  [ok]   2022-10-24: 8,421B
  [ok]   2022-10-25: 8,376B
  [ok]   2022-10-26: 8,327B
  [ok]   2022-10-27: 8,275B
  [ok]   2022-10-28: 8,269B
  [ok]   2022-10-31: 8,270B
  [ok]   2022-11-01: 8,314B
  [ok]   2022-11-02: 8,273B
  [ok]   2022-11-03: 8,264B
  [ok]   2022-11-04: 8,277B
  [ok]   2022-11-07: 8,272B
  [ok]   2022-11-08: 8,185B
  [ok]   2022-11-09: 8,234B
  [ok]   2022-11-10: 8,172B
  [ok]   2022-11-11: 8,131B
  [ok]   2022-11-14: 8,127B
  [ok]   2022-11-15: 8,178B
  [ok]   2022-11-16: 8,173B
  [ok]   2022-11-17: 8,184B
  [ok]   2022-11-18: 8,224B
  [ok]   2022-11-21: 8,180B
  [ok]   2022-11-22: 8,170B
  [ok]   2022-11-23: 8,178B
  [ok]   2022-11-24: 8,262B
  [ok]   2022-11-25: 8,263B
  [ok]   2022-11-28: 8,261B
  [ok]   2022-11-29: 8,253B
  [ok]   2022-11-30: 8,306B
  [ok]   2022-12-01: 8,268B
  [ok]   2022-12-02: 8,266B
  [ok]   2022-12-05: 8,260B
  [ok]   2022-12-06: 8,314B
  [ok]   2022-12-07: 8,315B
  [ok]   2022-12-08: 8,254B
  [ok]   2022-12-09: 8,260B
  [ok]   2022-12-12: 8,254B
  [ok]   2022-12-13: 8,332B
  [ok]   2022-12-14: 8,410B
  [ok]   2022-12-15: 8,423B
  [ok]   2022-12-16: 8,409B
  [ok]   2022-12-19: 8,411B
  [ok]   2022-12-20: 8,409B
  [ok]   2022-12-21: 8,372B
  [ok]   2022-12-22: 8,370B
  [ok]   2022-12-23: 8,372B
  [ok]   2022-12-26: 8,378B
  [ok]   2022-12-27: 8,371B
  [ok]   2022-12-28: 8,370B
  [ok]   2022-12-29: 8,507B
  [ok]   2023-01-02: 8,488B
  [ok]   2023-01-03: 8,445B
  [ok]   2023-01-04: 8,471B
  [ok]   2023-01-05: 8,458B
  [ok]   2023-01-06: 8,402B
  [ok]   2023-01-09: 8,345B
  [ok]   2023-01-10: 8,340B
  [ok]   2023-01-11: 8,340B
  [ok]   2023-01-12: 8,313B
  [ok]   2023-01-13: 8,304B
  [ok]   2023-01-16: 8,308B
  [ok]   2023-01-17: 8,296B
  [ok]   2023-01-18: 8,353B
  [ok]   2023-01-19: 8,351B
  [ok]   2023-01-20: 8,355B
  [ok]   2023-01-25: 8,357B
  [ok]   2023-01-26: 8,396B
  [ok]   2023-01-27: 8,273B
  [ok]   2023-01-30: 8,322B
  [ok]   2023-01-31: 8,331B
  [ok]   2023-02-01: 8,325B
  [ok]   2023-02-02: 8,315B
  [ok]   2023-02-03: 8,318B
  [ok]   2023-02-06: 8,320B
  [ok]   2023-02-07: 8,322B
  [ok]   2023-02-08: 8,320B
  [ok]   2023-02-09: 8,256B
  [ok]   2023-02-10: 8,261B
  [ok]   2023-02-13: 8,264B
  [ok]   2023-02-14: 8,267B
  [ok]   2023-02-15: 8,233B
  [ok]   2023-02-16: 8,236B
  [ok]   2023-02-17: 8,235B
  [ok]   2023-02-20: 8,236B
  [ok]   2023-02-21: 8,238B
  [ok]   2023-02-22: 8,233B
  [ok]   2023-02-23: 8,238B
  [ok]   2023-02-24: 8,246B
  [ok]   2023-02-27: 8,205B
  [ok]   2023-02-28: 8,196B
  [ok]   2023-03-02: 8,197B
  [ok]   2023-03-03: 8,151B
  [ok]   2023-03-06: 8,141B
  [ok]   2023-03-07: 8,184B
  [ok]   2023-03-08: 8,191B
  [ok]   2023-03-09: 8,188B
  [ok]   2023-03-10: 8,184B
  [ok]   2023-03-13: 8,235B
  [ok]   2023-03-14: 8,249B
  [ok]   2023-03-15: 8,239B
  [ok]   2023-03-16: 8,251B
  [ok]   2023-03-17: 8,244B
  [ok]   2023-03-20: 8,214B
  [ok]   2023-03-21: 8,230B
  [ok]   2023-03-22: 8,196B
  [ok]   2023-03-23: 8,193B
  [ok]   2023-03-24: 8,190B
  [ok]   2023-03-27: 8,100B
  [ok]   2023-03-28: 8,101B
  [ok]   2023-03-29: 8,083B
  [ok]   2023-03-30: 8,085B
  [ok]   2023-03-31: 8,137B
  [ok]   2023-04-03: 8,235B
  [ok]   2023-04-04: 8,232B
  [ok]   2023-04-05: 8,244B
  [ok]   2023-04-06: 8,205B
  [ok]   2023-04-07: 8,186B
  [ok]   2023-04-10: 8,145B
  [ok]   2023-04-11: 8,185B
  [ok]   2023-04-12: 8,183B
  [ok]   2023-04-13: 8,201B
  [ok]   2023-04-14: 8,201B
  [ok]   2023-04-17: 8,209B
  [ok]   2023-04-18: 8,160B
  [ok]   2023-04-19: 8,157B
  [ok]   2023-04-20: 8,158B
  [ok]   2023-04-21: 8,158B
  [ok]   2023-04-24: 8,169B
  [ok]   2023-04-25: 8,257B
  [ok]   2023-04-26: 8,204B
  [ok]   2023-04-27: 8,194B
  [ok]   2023-04-28: 8,194B
  [ok]   2023-05-02: 8,188B
  [ok]   2023-05-03: 8,103B
  [ok]   2023-05-04: 8,086B
  [ok]   2023-05-08: 8,098B
  [ok]   2023-05-09: 8,091B
  [ok]   2023-05-10: 8,095B
  [ok]   2023-05-11: 8,042B
  [ok]   2023-05-12: 8,040B
  [ok]   2023-05-15: 8,048B
  [ok]   2023-05-16: 8,024B
  [ok]   2023-05-17: 8,082B
  [ok]   2023-05-18: 8,081B
  [ok]   2023-05-19: 8,092B
  [ok]   2023-05-22: 8,070B
  [ok]   2023-05-23: 8,088B
  [ok]   2023-05-24: 8,084B
  [ok]   2023-05-25: 8,081B
  [ok]   2023-05-26: 8,087B
  [ok]   2023-05-30: 8,163B
  [ok]   2023-05-31: 8,211B
  [ok]   2023-06-01: 8,207B
  [ok]   2023-06-02: 8,211B
  [ok]   2023-06-05: 8,202B
  [ok]   2023-06-07: 8,203B
  [ok]   2023-06-08: 8,204B
  [ok]   2023-06-09: 8,264B
  [ok]   2023-06-12: 8,249B
  [ok]   2023-06-13: 8,196B
  [ok]   2023-06-14: 8,200B
  [ok]   2023-06-15: 8,193B
  [ok]   2023-06-16: 8,186B
  [ok]   2023-06-19: 8,185B
  [ok]   2023-06-20: 8,195B
  [ok]   2023-06-21: 8,193B
  [ok]   2023-06-22: 8,191B
  [ok]   2023-06-23: 8,184B
  [ok]   2023-06-26: 8,142B
  [ok]   2023-06-27: 8,130B
  [ok]   2023-06-28: 8,153B
  [ok]   2023-06-29: 8,187B
  [ok]   2023-06-30: 8,228B
  [ok]   2023-07-03: 8,242B
  [ok]   2023-07-04: 8,239B
  [ok]   2023-07-05: 8,236B
  [ok]   2023-07-06: 8,230B
  [ok]   2023-07-07: 8,230B
  [ok]   2023-07-10: 8,238B
  [ok]   2023-07-11: 8,230B
  [ok]   2023-07-12: 8,236B
  [ok]   2023-07-13: 8,304B
  [ok]   2023-07-14: 8,245B
  [ok]   2023-07-17: 8,253B
  [ok]   2023-07-18: 8,102B
  [ok]   2023-07-19: 8,097B
  [ok]   2023-07-20: 8,109B
  [ok]   2023-07-21: 8,107B
  [ok]   2023-07-24: 8,100B
  [ok]   2023-07-25: 8,101B
  [ok]   2023-07-26: 8,103B
  [ok]   2023-07-27: 8,156B
  [ok]   2023-07-28: 8,154B
  [ok]   2023-07-31: 8,134B
  [ok]   2023-08-01: 8,140B
  [ok]   2023-08-02: 8,235B
  [ok]   2023-08-03: 8,248B
  [ok]   2023-08-04: 8,246B
  [ok]   2023-08-07: 8,295B
  [ok]   2023-08-08: 8,282B
  [ok]   2023-08-09: 8,295B
  [ok]   2023-08-10: 8,296B
  [ok]   2023-08-11: 8,297B
  [ok]   2023-08-14: 8,300B
  [ok]   2023-08-16: 8,250B
  [ok]   2023-08-17: 8,236B
  [ok]   2023-08-18: 8,253B
  [ok]   2023-08-21: 8,279B
  [ok]   2023-08-22: 8,277B
  [ok]   2023-08-23: 8,287B
  [ok]   2023-08-24: 8,327B
  [ok]   2023-08-25: 8,331B
  [ok]   2023-08-28: 8,377B
  [ok]   2023-08-29: 8,265B
  [ok]   2023-08-30: 8,273B
  [ok]   2023-08-31: 8,174B
  [ok]   2023-09-01: 8,130B
  [ok]   2023-09-04: 8,122B
  [ok]   2023-09-05: 8,111B
  [ok]   2023-09-06: 8,129B
  [ok]   2023-09-07: 8,128B
  [ok]   2023-09-08: 8,125B
  [ok]   2023-09-11: 8,218B
  [ok]   2023-09-12: 8,237B
  [ok]   2023-09-13: 8,234B
  [ok]   2023-09-14: 8,142B
  [ok]   2023-09-15: 8,137B
  [ok]   2023-09-18: 8,139B
  [ok]   2023-09-19: 8,133B
  [ok]   2023-09-20: 8,136B
  [ok]   2023-09-21: 8,146B
  [ok]   2023-09-22: 8,139B
  [ok]   2023-09-25: 8,150B
  [ok]   2023-09-26: 8,170B
  [ok]   2023-09-27: 8,134B
  [ok]   2023-10-04: 8,144B
  [ok]   2023-10-05: 8,124B
  [ok]   2023-10-06: 8,117B
  [ok]   2023-10-10: 8,119B
  [ok]   2023-10-11: 8,116B
  [ok]   2023-10-12: 8,120B
  [ok]   2023-10-13: 8,112B
  [ok]   2023-10-16: 8,114B
  [ok]   2023-10-17: 8,112B
  [ok]   2023-10-18: 8,110B
  [ok]   2023-10-19: 8,024B
  [ok]   2023-10-20: 8,026B
  [ok]   2023-10-23: 8,033B
  [ok]   2023-10-24: 8,029B
  [ok]   2023-10-25: 8,027B
  [ok]   2023-10-26: 8,075B
  [ok]   2023-10-27: 8,085B
  [ok]   2023-10-30: 8,080B
  [ok]   2023-10-31: 8,030B
  [ok]   2023-11-01: 8,084B
  [ok]   2023-11-02: 8,135B
  [ok]   2023-11-03: 8,142B
  [ok]   2023-11-06: 8,145B
  [ok]   2023-11-07: 8,125B
  [ok]   2023-11-08: 8,089B
  [ok]   2023-11-09: 8,095B
  [ok]   2023-11-10: 8,097B
  [ok]   2023-11-13: 8,097B
  [ok]   2023-11-14: 8,094B
  [ok]   2023-11-15: 8,103B
  [ok]   2023-11-16: 8,093B
  [ok]   2023-11-17: 8,150B
  [ok]   2023-11-20: 8,187B
  [ok]   2023-11-21: 8,184B
  [ok]   2023-11-22: 8,188B
  [ok]   2023-11-23: 8,206B
  [ok]   2023-11-24: 8,188B
  [ok]   2023-11-27: 8,185B
  [ok]   2023-11-28: 8,229B
  [ok]   2023-11-29: 8,230B
  [ok]   2023-11-30: 8,234B
  [ok]   2023-12-01: 8,284B
  [ok]   2023-12-04: 8,316B
  [ok]   2023-12-05: 8,332B
  [ok]   2023-12-06: 8,314B
  [ok]   2023-12-07: 8,283B
  [ok]   2023-12-08: 8,270B
  [ok]   2023-12-11: 8,266B
  [ok]   2023-12-12: 8,325B
  [ok]   2023-12-13: 8,280B
  [ok]   2023-12-14: 8,288B
  [ok]   2023-12-15: 8,235B
  [ok]   2023-12-18: 8,233B
  [ok]   2023-12-19: 8,236B
  [ok]   2023-12-20: 8,274B
  [ok]   2023-12-21: 8,218B
  [ok]   2023-12-22: 8,212B
  [ok]   2023-12-26: 8,220B
  [ok]   2023-12-27: 8,219B
  [ok]   2023-12-28: 8,271B
  [ok]   2024-01-02: 8,247B
  [ok]   2024-01-03: 8,267B
  [ok]   2024-01-04: 8,271B
  [ok]   2024-01-05: 8,280B
  [ok]   2024-01-08: 8,297B
  [ok]   2024-01-09: 8,289B
  [ok]   2024-01-10: 8,290B
  [ok]   2024-01-11: 8,278B
  [ok]   2024-01-12: 8,280B
  [ok]   2024-01-15: 8,276B
  [ok]   2024-01-16: 8,316B
  [ok]   2024-01-17: 8,324B
  [ok]   2024-01-18: 8,306B
  [ok]   2024-01-19: 8,311B
  [ok]   2024-01-22: 8,320B
  [ok]   2024-01-23: 8,363B
  [ok]   2024-01-24: 8,405B
  [ok]   2024-01-25: 8,391B
  [ok]   2024-01-26: 8,368B
  [ok]   2024-01-29: 8,375B
  [ok]   2024-01-30: 8,382B
  [ok]   2024-01-31: 8,430B
  [ok]   2024-02-01: 8,336B
  [ok]   2024-02-02: 8,294B
  [ok]   2024-02-05: 8,289B
  [ok]   2024-02-06: 8,291B
  [ok]   2024-02-07: 8,287B
  [ok]   2024-02-08: 8,280B
  [ok]   2024-02-13: 8,279B
  [ok]   2024-02-14: 8,290B
  [ok]   2024-02-15: 8,294B
  [ok]   2024-02-16: 8,301B
  [ok]   2024-02-19: 8,306B
  [ok]   2024-02-20: 8,300B
  [ok]   2024-02-21: 8,289B
  [ok]   2024-02-22: 8,336B
  [ok]   2024-02-23: 8,290B
  [ok]   2024-02-26: 8,233B
  [ok]   2024-02-27: 8,290B
  [ok]   2024-02-28: 8,275B
  [ok]   2024-02-29: 8,289B
  [ok]   2024-03-04: 8,283B
  [ok]   2024-03-05: 8,179B
  [ok]   2024-03-06: 8,241B
  [ok]   2024-03-07: 8,131B
  [ok]   2024-03-08: 8,200B
  [ok]   2024-03-11: 8,180B
  [ok]   2024-03-12: 8,243B
  [ok]   2024-03-13: 8,247B
  [ok]   2024-03-14: 8,249B
  [ok]   2024-03-15: 8,150B
  [ok]   2024-03-18: 8,135B
  [ok]   2024-03-19: 8,178B
  [ok]   2024-03-20: 8,172B
  [ok]   2024-03-21: 8,269B
  [ok]   2024-03-22: 8,282B
  [ok]   2024-03-25: 8,277B
  [ok]   2024-03-26: 8,272B
  [ok]   2024-03-27: 8,281B
  [ok]   2024-03-28: 8,280B
  [ok]   2024-03-29: 8,270B
  [ok]   2024-04-01: 8,262B
  [ok]   2024-04-02: 8,314B
  [ok]   2024-04-03: 8,266B
  [ok]   2024-04-04: 8,273B
  [ok]   2024-04-05: 8,266B
  [ok]   2024-04-08: 8,300B
  [ok]   2024-04-09: 8,302B
  [ok]   2024-04-11: 8,304B
  [ok]   2024-04-12: 8,318B
  [ok]   2024-04-15: 8,412B
  [ok]   2024-04-16: 8,318B
  [ok]   2024-04-17: 8,311B
  [ok]   2024-04-18: 8,316B
  [ok]   2024-04-19: 8,322B
  [ok]   2024-04-22: 8,334B
  [ok]   2024-04-23: 8,332B
  [ok]   2024-04-24: 8,333B
  [ok]   2024-04-25: 8,321B
  [ok]   2024-04-26: 8,336B
  [ok]   2024-04-29: 8,338B
  [ok]   2024-04-30: 8,294B
  [ok]   2024-05-02: 8,287B
  [ok]   2024-05-03: 8,293B
  [ok]   2024-05-07: 8,286B
  [ok]   2024-05-08: 8,289B
  [ok]   2024-05-09: 8,294B
  [ok]   2024-05-10: 8,288B
  [ok]   2024-05-13: 8,383B
  [ok]   2024-05-14: 8,284B
  [ok]   2024-05-16: 8,299B
  [ok]   2024-05-17: 8,287B
  [ok]   2024-05-20: 8,279B
  [ok]   2024-05-21: 8,304B
  [ok]   2024-05-22: 8,330B
  [ok]   2024-05-23: 8,313B
  [ok]   2024-05-24: 8,310B
  [ok]   2024-05-27: 8,317B
  [ok]   2024-05-28: 8,319B
  [ok]   2024-05-29: 8,356B
  [ok]   2024-05-30: 8,411B
  [ok]   2024-05-31: 8,419B
  [ok]   2024-06-03: 8,422B
  [ok]   2024-06-04: 8,447B
  [ok]   2024-06-05: 8,464B
  [ok]   2024-06-07: 8,409B
  [ok]   2024-06-10: 8,348B
  [ok]   2024-06-11: 8,362B
  [ok]   2024-06-12: 8,359B
  [ok]   2024-06-13: 8,403B
  [ok]   2024-06-14: 8,414B
  [ok]   2024-06-17: 8,393B
  [ok]   2024-06-18: 8,395B
  [ok]   2024-06-19: 8,393B
  [ok]   2024-06-20: 8,338B
  [ok]   2024-06-21: 8,304B
  [ok]   2024-06-24: 8,302B
  [ok]   2024-06-25: 8,368B
  [ok]   2024-06-26: 8,379B
  [ok]   2024-06-27: 8,427B
  [ok]   2024-06-28: 8,428B
  [ok]   2024-07-01: 8,422B
  [ok]   2024-07-02: 8,395B
  [ok]   2024-07-03: 8,467B
  [ok]   2024-07-04: 8,477B
  [ok]   2024-07-05: 8,481B
  [ok]   2024-07-08: 8,466B
  [ok]   2024-07-09: 8,450B
  [ok]   2024-07-10: 8,471B
  [ok]   2024-07-11: 8,456B
  [ok]   2024-07-12: 8,472B
  [ok]   2024-07-15: 8,467B
  [ok]   2024-07-16: 8,408B
  [ok]   2024-07-17: 8,429B
  [ok]   2024-07-18: 8,419B
  [ok]   2024-07-19: 8,423B
  [ok]   2024-07-22: 8,432B
  [ok]   2024-07-23: 8,417B
  [ok]   2024-07-24: 8,415B
  [ok]   2024-07-25: 8,413B
  [ok]   2024-07-26: 8,425B
  [ok]   2024-07-29: 8,430B
  [ok]   2024-07-30: 8,366B
  [ok]   2024-07-31: 8,369B
  [ok]   2024-08-01: 8,369B
  [ok]   2024-08-02: 8,360B
  [ok]   2024-08-05: 8,385B
  [ok]   2024-08-06: 8,375B
  [ok]   2024-08-07: 8,410B
  [ok]   2024-08-08: 8,414B
  [ok]   2024-08-09: 8,434B
  [ok]   2024-08-12: 8,473B
  [ok]   2024-08-13: 8,463B
  [ok]   2024-08-14: 8,467B
  [ok]   2024-08-16: 8,413B
  [ok]   2024-08-19: 8,433B
  [ok]   2024-08-20: 8,415B
  [ok]   2024-08-21: 8,466B
  [ok]   2024-08-22: 8,464B
  [ok]   2024-08-23: 8,477B
  [ok]   2024-08-26: 8,428B
  [ok]   2024-08-27: 8,383B
  [ok]   2024-08-28: 8,387B
  [ok]   2024-08-29: 8,364B
  [ok]   2024-08-30: 8,318B
  [ok]   2024-09-02: 8,327B
  [ok]   2024-09-03: 8,273B
  [ok]   2024-09-04: 8,276B
  [ok]   2024-09-05: 8,281B
  [ok]   2024-09-06: 8,248B
  [ok]   2024-09-09: 8,240B
  [ok]   2024-09-10: 8,239B
  [ok]   2024-09-11: 8,247B
  [ok]   2024-09-12: 8,252B
  [ok]   2024-09-13: 8,238B
  [ok]   2024-09-19: 8,248B
  [ok]   2024-09-20: 8,234B
  [ok]   2024-09-23: 8,238B
  [ok]   2024-09-24: 8,235B
  [ok]   2024-09-25: 8,242B
  [ok]   2024-09-26: 8,228B
  [ok]   2024-09-27: 8,234B
  [ok]   2024-09-30: 8,237B
  [ok]   2024-10-02: 8,237B
  [ok]   2024-10-04: 8,291B
  [ok]   2024-10-07: 8,291B
  [ok]   2024-10-08: 8,278B
  [ok]   2024-10-10: 8,240B
  [ok]   2024-10-11: 8,242B
  [ok]   2024-10-14: 8,233B
  [ok]   2024-10-15: 8,248B
  [ok]   2024-10-16: 8,174B
  [ok]   2024-10-17: 8,192B
  [ok]   2024-10-18: 8,180B
  [ok]   2024-10-21: 8,168B
  [ok]   2024-10-22: 8,187B
  [ok]   2024-10-23: 8,177B
  [ok]   2024-10-24: 8,229B
  [ok]   2024-10-25: 8,293B
  [ok]   2024-10-28: 8,195B
  [ok]   2024-10-29: 8,186B
  [ok]   2024-10-30: 8,180B
  [ok]   2024-10-31: 8,188B
  [ok]   2024-11-01: 8,180B
  [ok]   2024-11-04: 8,200B
  [ok]   2024-11-05: 8,207B
  [ok]   2024-11-06: 8,208B
  [ok]   2024-11-07: 8,202B
  [ok]   2024-11-08: 8,248B
  [ok]   2024-11-11: 8,252B
  [ok]   2024-11-12: 8,250B
  [ok]   2024-11-13: 8,246B
  [ok]   2024-11-14: 8,248B
  [ok]   2024-11-15: 8,244B
  [ok]   2024-11-18: 8,258B
  [ok]   2024-11-19: 8,306B
  [ok]   2024-11-20: 8,300B
  [ok]   2024-11-21: 8,250B
  [ok]   2024-11-22: 8,185B
  [ok]   2024-11-25: 8,229B
  [ok]   2024-11-26: 8,233B
  [ok]   2024-11-27: 8,242B
  [ok]   2024-11-28: 8,203B
  [ok]   2024-11-29: 8,197B
  [ok]   2024-12-02: 8,138B
  [ok]   2024-12-03: 8,142B
  [ok]   2024-12-04: 8,150B
  [ok]   2024-12-05: 8,131B
  [ok]   2024-12-06: 8,143B
  [ok]   2024-12-09: 8,153B
  [ok]   2024-12-10: 8,157B
  [ok]   2024-12-11: 8,102B
  [ok]   2024-12-12: 8,079B
  [ok]   2024-12-13: 8,101B
  [ok]   2024-12-16: 8,084B
  [ok]   2024-12-17: 8,093B
  [ok]   2024-12-18: 8,087B
  [ok]   2024-12-19: 8,080B
  [ok]   2024-12-20: 8,086B
  [ok]   2024-12-23: 8,083B
  [ok]   2024-12-24: 8,084B
  [ok]   2024-12-26: 8,088B
  [ok]   2024-12-27: 8,095B
  [ok]   2024-12-30: 8,091B
  [ok]   2025-01-02: 8,088B
  [ok]   2025-01-03: 8,105B
  [ok]   2025-01-06: 8,155B
  [ok]   2025-01-07: 8,151B
  [ok]   2025-01-08: 8,138B
  [ok]   2025-01-09: 8,141B
  [ok]   2025-01-10: 8,141B
  [ok]   2025-01-13: 8,088B
  [ok]   2025-01-14: 8,098B
  [ok]   2025-01-15: 8,099B
  [ok]   2025-01-16: 8,089B
  [ok]   2025-01-17: 8,093B
  [ok]   2025-01-20: 8,093B
  [ok]   2025-01-21: 8,104B
  [ok]   2025-01-22: 8,103B
  [ok]   2025-01-23: 8,102B
  [ok]   2025-01-24: 8,084B
  [ok]   2025-01-31: 8,073B
  [ok]   2025-02-03: 8,080B
  [ok]   2025-02-04: 8,180B
  [ok]   2025-02-05: 8,173B
  [ok]   2025-02-06: 8,257B
  [ok]   2025-02-07: 8,263B
  [ok]   2025-02-10: 8,301B
  [ok]   2025-02-11: 8,306B
  [ok]   2025-02-12: 8,311B
  [ok]   2025-02-13: 8,265B
  [ok]   2025-02-14: 8,266B
  [ok]   2025-02-17: 8,215B
  [ok]   2025-02-18: 8,295B
  [ok]   2025-02-19: 8,241B
  [ok]   2025-02-20: 8,239B
  [ok]   2025-02-21: 8,229B
  [ok]   2025-02-24: 8,223B
  [ok]   2025-02-25: 8,225B
  [ok]   2025-02-26: 8,290B
  [ok]   2025-02-27: 8,282B
  [ok]   2025-02-28: 8,298B
  [ok]   2025-03-04: 8,304B
  [ok]   2025-03-05: 8,313B
  [ok]   2025-03-06: 8,298B
  [ok]   2025-03-07: 8,316B
  [ok]   2025-03-10: 8,296B
  [ok]   2025-03-11: 8,302B
  [ok]   2025-03-12: 8,302B
  [ok]   2025-03-13: 8,336B
  [ok]   2025-03-14: 8,335B
  [ok]   2025-03-17: 8,374B
  [ok]   2025-03-18: 8,369B
  [ok]   2025-03-19: 8,365B
  [ok]   2025-03-20: 8,356B
  [ok]   2025-03-21: 8,420B
  [ok]   2025-03-24: 8,418B
  [ok]   2025-03-25: 8,421B
  [ok]   2025-03-26: 8,414B
  [ok]   2025-03-27: 8,318B
  [ok]   2025-03-28: 8,320B
  [ok]   2025-03-31: 8,411B
  [ok]   2025-04-01: 8,420B
  [ok]   2025-04-02: 8,412B
  [ok]   2025-04-03: 8,407B
  [ok]   2025-04-04: 8,419B
  [ok]   2025-04-07: 8,419B
  [ok]   2025-04-08: 8,419B
  [ok]   2025-04-09: 8,422B
  [ok]   2025-04-10: 8,423B
  [ok]   2025-04-11: 8,415B
  [ok]   2025-04-14: 8,363B
  [ok]   2025-04-15: 8,352B
  [ok]   2025-04-16: 8,360B
  [ok]   2025-04-17: 8,335B
  [ok]   2025-04-18: 8,344B
  [ok]   2025-04-21: 8,357B
  [ok]   2025-04-22: 8,326B
  [ok]   2025-04-23: 8,320B
  [ok]   2025-04-24: 8,316B
  [ok]   2025-04-25: 8,329B
  [ok]   2025-04-28: 8,331B
  [ok]   2025-04-29: 8,329B
  [ok]   2025-04-30: 8,331B
  [ok]   2025-05-02: 8,341B
  [ok]   2025-05-07: 8,335B
  [ok]   2026-05-14: 7,999B
  [ok]   2026-05-15: 7,934B
  [ok]   2026-05-18: 7,940B
  [ok]   2026-05-19: 7,945B
  [ok]   2026-05-20: 7,892B
  [ok]   2026-05-21: 7,897B
  [ok]   2026-05-22: 7,892B
  [ok]   2026-05-26: 7,886B
  [ok]   2026-05-27: 7,885B
  [ok]   2026-05-28: 7,885B
  [ok]   2026-05-29: 7,844B
  [ok]   2026-06-01: 7,772B
  [ok]   2026-06-02: 7,752B
  [ok]   2026-06-04: 7,808B
  [ok]   2026-06-05: 7,815B
  [ok]   2026-06-08: 7,809B
  [ok]   2026-06-09: 7,870B
  [ok]   2026-06-10: 7,914B
  [ok]   2026-06-11: 7,984B
  [ok]   2026-06-12: 7,978B
  -> saved 990 | skipped 248 | no-data 82 | removed-empty 17 | failed 0

=== [idx= 2] TIME 미국나스닥100액티브 (2022-05-09 ~ 2026-06-14, 1070 weekdays) ===
  [ok]   2022-05-09: 6,525B
  [ok]   2022-05-10: 6,530B
  [ok]   2022-05-11: 10,133B
  [ok]   2022-05-12: 10,217B
  [ok]   2022-05-13: 10,203B
  [ok]   2022-05-16: 10,249B
  [ok]   2022-05-17: 10,342B
  [ok]   2022-05-18: 10,328B
  [ok]   2022-05-19: 10,319B
  [ok]   2022-05-20: 10,317B
  [ok]   2022-05-23: 10,321B
  [ok]   2022-05-24: 10,282B
  [ok]   2022-05-25: 10,278B
  [ok]   2022-05-26: 10,264B
  [ok]   2022-05-27: 10,282B
  [ok]   2022-05-30: 10,279B
  [ok]   2022-05-31: 10,282B
  [ok]   2022-06-02: 10,276B
  [ok]   2022-06-03: 10,190B
  [ok]   2022-06-07: 10,150B
  [ok]   2022-06-08: 10,171B
  [ok]   2022-06-09: 10,592B
  [ok]   2022-06-10: 10,632B
  [ok]   2022-06-13: 10,622B
  [ok]   2022-06-14: 10,646B
  [ok]   2022-06-15: 10,651B
  [ok]   2022-06-16: 10,653B
  [ok]   2022-06-17: 10,547B
  [ok]   2022-06-20: 10,545B
  [ok]   2022-06-21: 10,538B
  [ok]   2022-06-22: 10,569B
  [ok]   2022-06-23: 10,584B
  [ok]   2022-06-24: 10,591B
  [ok]   2022-06-27: 10,606B
  [ok]   2022-06-28: 10,454B
  [ok]   2022-06-29: 10,477B
  [ok]   2022-06-30: 10,512B
  [ok]   2022-07-01: 10,516B
  [ok]   2022-07-04: 10,465B
  [ok]   2022-07-05: 10,469B
  [ok]   2022-07-06: 10,485B
  [ok]   2022-07-07: 10,482B
  [ok]   2022-07-08: 9,527B
  [ok]   2022-07-11: 9,531B
  [ok]   2022-07-12: 9,567B
  [ok]   2022-07-13: 9,573B
  [ok]   2022-07-14: 9,570B
  [ok]   2022-07-15: 9,574B
  [ok]   2022-07-18: 9,573B
  [ok]   2022-07-19: 9,577B
  [ok]   2022-07-20: 9,573B
  [ok]   2022-07-21: 9,578B
  [ok]   2022-07-22: 9,468B
  [ok]   2022-07-25: 9,419B
  [ok]   2022-07-26: 9,417B
  [ok]   2022-07-27: 9,376B
  [ok]   2022-07-28: 9,385B
  [ok]   2022-07-29: 9,379B
  [ok]   2022-08-01: 9,382B
  [ok]   2022-08-02: 9,393B
  [ok]   2022-08-03: 9,390B
  [ok]   2022-08-04: 9,392B
  [ok]   2022-08-05: 9,445B
  [ok]   2022-08-08: 9,447B
  [ok]   2022-08-09: 9,455B
  [ok]   2022-08-10: 9,497B
  [ok]   2022-08-11: 9,493B
  [ok]   2022-08-12: 9,526B
  [ok]   2022-08-16: 9,585B
  [ok]   2022-08-17: 9,592B
  [ok]   2022-08-18: 9,531B
  [ok]   2022-08-19: 9,524B
  [ok]   2022-08-22: 9,539B
  [ok]   2022-08-23: 9,538B
  [ok]   2022-08-24: 9,542B
  [ok]   2022-08-25: 9,542B
  [ok]   2022-08-26: 9,544B
  [ok]   2022-08-29: 9,535B
  [ok]   2022-08-30: 9,506B
  [ok]   2022-08-31: 9,499B
  [ok]   2022-09-01: 9,482B
  [ok]   2022-09-02: 9,473B
  [ok]   2022-09-05: 9,482B
  [ok]   2022-09-06: 9,477B
  [ok]   2022-09-07: 9,478B
  [ok]   2022-09-08: 9,543B
  [ok]   2022-09-13: 9,546B
  [ok]   2022-09-14: 9,525B
  [ok]   2022-09-15: 9,429B
  [ok]   2022-09-16: 9,437B
  [ok]   2022-09-19: 9,438B
  [ok]   2022-09-20: 9,441B
  [ok]   2022-09-21: 9,451B
  [ok]   2022-09-22: 9,449B
  [ok]   2022-09-23: 9,448B
  [ok]   2022-09-26: 9,325B
  [ok]   2022-09-27: 9,390B
  [ok]   2022-09-28: 9,387B
  [ok]   2022-09-29: 9,388B
  [ok]   2022-09-30: 9,403B
  [ok]   2022-10-04: 9,297B
  [ok]   2022-10-05: 9,310B
  [ok]   2022-10-06: 9,424B
  [ok]   2022-10-07: 9,354B
  [ok]   2022-10-11: 9,360B
  [ok]   2022-10-12: 9,415B
  [ok]   2022-10-13: 9,462B
  [ok]   2022-10-14: 9,478B
  [ok]   2022-10-17: 9,460B
  [ok]   2022-10-18: 9,453B
  [ok]   2022-10-19: 9,472B
  [ok]   2022-10-20: 9,457B
  [ok]   2022-10-21: 9,449B
  [ok]   2022-10-24: 9,466B
  [ok]   2022-10-25: 9,511B
  [ok]   2022-10-26: 9,603B
  [ok]   2022-10-27: 9,616B
  [ok]   2022-10-28: 9,578B
  [ok]   2022-10-31: 9,564B
  [ok]   2022-11-01: 9,571B
  [ok]   2022-11-02: 9,622B
  [ok]   2022-11-03: 9,609B
  [ok]   2022-11-04: 9,607B
  [ok]   2022-11-07: 9,615B
  [ok]   2022-11-08: 9,609B
  [ok]   2022-11-09: 9,656B
  [ok]   2022-11-10: 9,662B
  [ok]   2022-11-11: 9,646B
  [ok]   2022-11-14: 9,661B
  [ok]   2022-11-15: 9,657B
  [ok]   2022-11-16: 9,616B
  [ok]   2022-11-17: 9,610B
  [ok]   2022-11-18: 9,557B
  [ok]   2022-11-21: 9,564B
  [ok]   2022-11-22: 9,554B
  [ok]   2022-11-23: 9,566B
  [ok]   2022-11-24: 9,550B
  [ok]   2022-11-25: 9,562B
  [ok]   2022-11-28: 9,562B
  [ok]   2022-11-29: 9,555B
  [ok]   2022-11-30: 9,560B
  [ok]   2022-12-01: 9,501B
  [ok]   2022-12-02: 9,515B
  [ok]   2022-12-05: 9,499B
  [ok]   2022-12-06: 9,419B
  [ok]   2022-12-07: 9,462B
  [ok]   2022-12-08: 9,464B
  [ok]   2022-12-09: 9,423B
  [ok]   2022-12-12: 9,422B
  [ok]   2022-12-13: 9,430B
  [ok]   2022-12-14: 9,446B
  [ok]   2022-12-15: 9,427B
  [ok]   2022-12-16: 9,428B
  [ok]   2022-12-19: 9,434B
  [ok]   2022-12-20: 9,385B
  [ok]   2022-12-21: 9,322B
  [ok]   2022-12-22: 9,321B
  [ok]   2022-12-23: 9,304B
  [ok]   2022-12-26: 9,323B
  [ok]   2022-12-27: 9,321B
  [ok]   2022-12-28: 9,318B
  [ok]   2022-12-29: 9,316B
  [ok]   2023-01-02: 9,303B
  [ok]   2023-01-03: 9,321B
  [ok]   2023-01-04: 9,318B
  [ok]   2023-01-05: 9,328B
  [ok]   2023-01-06: 9,308B
  [ok]   2023-01-09: 9,327B
  [ok]   2023-01-10: 9,305B
  [ok]   2023-01-11: 9,307B
  [ok]   2023-01-12: 9,443B
  [ok]   2023-01-13: 9,436B
  [ok]   2023-01-16: 9,446B
  [ok]   2023-01-17: 9,452B
  [ok]   2023-01-18: 9,402B
  [ok]   2023-01-19: 9,388B
  [ok]   2023-01-20: 9,395B
  [ok]   2023-01-25: 9,395B
  [ok]   2023-01-26: 9,441B
  [ok]   2023-01-27: 9,366B
  [ok]   2023-01-30: 9,372B
  [ok]   2023-01-31: 9,294B
  [ok]   2023-02-01: 9,260B
  [ok]   2023-02-02: 9,253B
  [ok]   2023-02-03: 9,211B
  [ok]   2023-02-06: 9,268B
  [ok]   2023-02-07: 9,257B
  [ok]   2023-02-08: 9,210B
  [ok]   2023-02-09: 9,149B
  [ok]   2023-02-10: 9,201B
  [ok]   2023-02-13: 9,197B
  [ok]   2023-02-14: 9,191B
  [ok]   2023-02-15: 9,133B
  [ok]   2023-02-16: 9,142B
  [ok]   2023-02-17: 8,489B
  [ok]   2023-02-20: 8,480B
  [ok]   2023-02-21: 8,470B
  [ok]   2023-02-22: 8,152B
  [ok]   2023-02-23: 8,153B
  [ok]   2023-02-24: 8,050B
  [ok]   2023-02-27: 7,876B
  [ok]   2023-02-28: 7,907B
  [ok]   2023-03-02: 7,905B
  [ok]   2023-03-03: 7,919B
  [ok]   2023-03-06: 7,907B
  [ok]   2023-03-07: 7,906B
  [ok]   2023-03-08: 7,821B
  [ok]   2023-03-09: 7,807B
  [ok]   2023-03-10: 7,808B
  [ok]   2023-03-13: 7,801B
  [ok]   2023-03-14: 7,809B
  [ok]   2023-03-15: 7,815B
  [ok]   2023-03-16: 7,812B
  [ok]   2023-03-17: 7,815B
  [ok]   2023-03-20: 7,813B
  [ok]   2023-03-21: 7,804B
  [ok]   2023-03-22: 7,807B
  [ok]   2023-03-23: 7,786B
  [ok]   2023-03-24: 7,801B
  [ok]   2023-03-27: 7,796B
  [ok]   2023-03-28: 7,754B
  [ok]   2023-03-29: 7,746B
  [ok]   2023-03-30: 7,753B
  [ok]   2023-03-31: 7,752B
  [ok]   2023-04-03: 7,747B
  [ok]   2023-04-04: 7,752B
  [ok]   2023-04-05: 7,741B
  [ok]   2023-04-06: 7,797B
  [ok]   2023-04-07: 7,750B
  [ok]   2023-04-10: 7,746B
  [ok]   2023-04-11: 7,750B
  [ok]   2023-04-12: 7,747B
  [ok]   2023-04-13: 7,745B
  [ok]   2023-04-14: 7,813B
  [ok]   2023-04-17: 7,805B
  [ok]   2023-04-18: 7,805B
  [ok]   2023-04-19: 7,802B
  [ok]   2023-04-20: 7,805B
  [ok]   2023-04-21: 7,812B
  [ok]   2023-04-24: 7,855B
  [ok]   2023-04-25: 7,848B
  [ok]   2023-04-26: 7,849B
  [ok]   2023-04-27: 7,850B
  [ok]   2023-04-28: 7,854B
  [ok]   2023-05-02: 7,848B
  [ok]   2023-05-03: 8,101B
  [ok]   2023-05-04: 8,102B
  [ok]   2023-05-08: 8,105B
  [ok]   2023-05-09: 8,097B
  [ok]   2023-05-10: 8,103B
  [ok]   2023-05-11: 8,102B
  [ok]   2023-05-12: 8,100B
  [ok]   2023-05-15: 8,059B
  [ok]   2023-05-16: 8,063B
  [ok]   2023-05-17: 8,071B
  [ok]   2023-05-18: 8,121B
  [ok]   2023-05-19: 8,111B
  [ok]   2023-05-22: 8,111B
  [ok]   2023-05-23: 8,117B
  [ok]   2023-05-24: 8,112B
  [ok]   2023-05-25: 8,101B
  [ok]   2023-05-26: 8,116B
  [ok]   2023-05-30: 8,129B
  [ok]   2023-05-31: 8,077B
  [ok]   2023-06-01: 8,076B
  [ok]   2023-06-02: 8,084B
  [ok]   2023-06-05: 8,080B
  [ok]   2023-06-07: 8,077B
  [ok]   2023-06-08: 8,127B
  [ok]   2023-06-09: 8,223B
  [ok]   2023-06-12: 8,236B
  [ok]   2023-06-13: 8,233B
  [ok]   2023-06-14: 8,228B
  [ok]   2023-06-15: 8,228B
  [ok]   2023-06-16: 8,231B
  [ok]   2023-06-19: 8,120B
  [ok]   2023-06-20: 8,115B
  [ok]   2023-06-21: 8,162B
  [ok]   2023-06-22: 8,154B
  [ok]   2023-06-23: 8,156B
  [ok]   2023-06-26: 8,157B
  [ok]   2023-06-27: 8,162B
  [ok]   2023-06-28: 8,158B
  [ok]   2023-06-29: 8,212B
  [ok]   2023-06-30: 8,211B
  [ok]   2023-07-03: 8,202B
  [ok]   2023-07-04: 8,260B
  [ok]   2023-07-05: 8,262B
  [ok]   2023-07-06: 8,265B
  [ok]   2023-07-07: 8,276B
  [ok]   2023-07-10: 8,264B
  [ok]   2023-07-11: 8,275B
  [ok]   2023-07-12: 8,266B
  [ok]   2023-07-13: 8,264B
  [ok]   2023-07-14: 8,265B
  [ok]   2023-07-17: 8,262B
  [ok]   2023-07-18: 8,264B
  [ok]   2023-07-19: 8,252B
  [ok]   2023-07-20: 8,258B
  [ok]   2023-07-21: 8,253B
  [ok]   2023-07-24: 8,255B
  [ok]   2023-07-25: 8,260B
  [ok]   2023-07-26: 8,256B
  [ok]   2023-07-27: 8,248B
  [ok]   2023-07-28: 8,254B
  [ok]   2023-07-31: 8,261B
  [ok]   2023-08-01: 8,178B
  [ok]   2023-08-02: 8,171B
  [ok]   2023-08-03: 8,176B
  [ok]   2023-08-04: 8,171B
  [ok]   2023-08-07: 8,169B
  [ok]   2023-08-08: 8,167B
  [ok]   2023-08-09: 8,171B
  [ok]   2023-08-10: 8,160B
  [ok]   2023-08-11: 8,226B
  [ok]   2023-08-14: 8,221B
  [ok]   2023-08-16: 8,232B
  [ok]   2023-08-17: 8,223B
  [ok]   2023-08-18: 8,220B
  [ok]   2023-08-21: 8,236B
  [ok]   2023-08-22: 8,225B
  [ok]   2023-08-23: 8,233B
  [ok]   2023-08-24: 8,232B
  [ok]   2023-08-25: 8,231B
  [ok]   2023-08-28: 8,228B
  [ok]   2023-08-29: 8,227B
  [ok]   2023-08-30: 8,227B
  [ok]   2023-08-31: 8,331B
  [ok]   2023-09-01: 8,335B
  [ok]   2023-09-04: 8,343B
  [ok]   2023-09-05: 8,331B
  [ok]   2023-09-06: 8,333B
  [ok]   2023-09-07: 8,330B
  [ok]   2023-09-08: 8,338B
  [ok]   2023-09-11: 8,325B
  [ok]   2023-09-12: 8,323B
  [ok]   2023-09-13: 8,326B
  [ok]   2023-09-14: 8,333B
  [ok]   2023-09-15: 8,342B
  [ok]   2023-09-18: 8,395B
  [ok]   2023-09-19: 8,335B
  [ok]   2023-09-20: 8,341B
  [ok]   2023-09-21: 8,337B
  [ok]   2023-09-22: 8,336B
  [ok]   2023-09-25: 8,336B
  [ok]   2023-09-26: 8,336B
  [ok]   2023-09-27: 8,333B
  [ok]   2023-10-04: 8,343B
  [ok]   2023-10-05: 8,327B
  [ok]   2023-10-06: 8,341B
  [ok]   2023-10-10: 8,342B
  [ok]   2023-10-11: 8,381B
  [ok]   2023-10-12: 8,394B
  [ok]   2023-10-13: 8,391B
  [ok]   2023-10-16: 8,372B
  [ok]   2023-10-17: 8,388B
  [ok]   2023-10-18: 8,387B
  [ok]   2023-10-19: 8,386B
  [ok]   2023-10-20: 8,384B
  [ok]   2023-10-23: 8,378B
  [ok]   2023-10-24: 8,383B
  [ok]   2023-10-25: 8,235B
  [ok]   2023-10-26: 8,237B
  [ok]   2023-10-27: 8,226B
  [ok]   2023-10-30: 8,233B
  [ok]   2023-10-31: 8,238B
  [ok]   2023-11-01: 8,238B
  [ok]   2023-11-02: 8,235B
  [ok]   2023-11-03: 8,231B
  [ok]   2023-11-06: 8,244B
  [ok]   2023-11-07: 8,251B
  [ok]   2023-11-08: 8,241B
  [ok]   2023-11-09: 8,240B
  [ok]   2023-11-10: 8,239B
  [ok]   2023-11-13: 8,244B
  [ok]   2023-11-14: 8,240B
  [ok]   2023-11-15: 8,238B
  [ok]   2023-11-16: 8,245B
  [ok]   2023-11-17: 8,227B
  [ok]   2023-11-20: 8,236B
  [ok]   2023-11-21: 8,248B
  [ok]   2023-11-22: 8,239B
  [ok]   2023-11-23: 8,241B
  [ok]   2023-11-24: 8,242B
  [ok]   2023-11-27: 8,239B
  [ok]   2023-11-28: 8,247B
  [ok]   2023-11-29: 8,252B
  [ok]   2023-11-30: 8,245B
  [ok]   2023-12-01: 8,236B
  [ok]   2023-12-04: 8,253B
  [ok]   2023-12-05: 8,259B
  [ok]   2023-12-06: 8,249B
  [ok]   2023-12-07: 8,245B
  [ok]   2023-12-08: 8,237B
  [ok]   2023-12-11: 8,238B
  [ok]   2023-12-12: 8,233B
  [ok]   2023-12-13: 8,244B
  [ok]   2023-12-14: 8,243B
  [ok]   2023-12-15: 8,247B
  [ok]   2023-12-18: 8,233B
  [ok]   2023-12-19: 8,294B
  [ok]   2023-12-20: 8,297B
  [ok]   2023-12-21: 8,298B
  [ok]   2023-12-22: 8,290B
  [ok]   2023-12-26: 8,295B
  [ok]   2023-12-27: 8,255B
  [ok]   2023-12-28: 8,241B
  [ok]   2024-01-02: 8,244B
  [ok]   2024-01-03: 8,249B
  [ok]   2024-01-04: 8,240B
  [ok]   2024-01-05: 8,249B
  [ok]   2024-01-08: 8,241B
  [ok]   2024-01-09: 8,179B
  [ok]   2024-01-10: 8,186B
  [ok]   2024-01-11: 8,242B
  [ok]   2024-01-12: 8,248B
  [ok]   2024-01-15: 8,195B
  [ok]   2024-01-16: 8,192B
  [ok]   2024-01-17: 8,190B
  [ok]   2024-01-18: 8,189B
  [ok]   2024-01-19: 8,187B
  [ok]   2024-01-22: 8,190B
  [ok]   2024-01-23: 8,142B
  [ok]   2024-01-24: 8,143B
  [ok]   2024-01-25: 8,265B
  [ok]   2024-01-26: 8,260B
  [ok]   2024-01-29: 8,266B
  [ok]   2024-01-30: 8,315B
  [ok]   2024-01-31: 8,308B
  [ok]   2024-02-01: 8,318B
  [ok]   2024-02-02: 8,323B
  [ok]   2024-02-05: 8,371B
  [ok]   2024-02-06: 8,379B
  [ok]   2024-02-07: 8,367B
  [ok]   2024-02-08: 8,374B
  [ok]   2024-02-13: 8,386B
  [ok]   2024-02-14: 8,377B
  [ok]   2024-02-15: 8,380B
  [ok]   2024-02-16: 8,376B
  [ok]   2024-02-19: 8,375B
  [ok]   2024-02-20: 8,375B
  [ok]   2024-02-21: 8,373B
  [ok]   2024-02-22: 8,380B
  [ok]   2024-02-23: 8,366B
  [ok]   2024-02-26: 8,382B
  [ok]   2024-02-27: 8,374B
  [ok]   2024-02-28: 8,367B
  [ok]   2024-02-29: 8,378B
  [ok]   2024-03-04: 8,381B
  [ok]   2024-03-05: 8,385B
  [ok]   2024-03-06: 8,384B
  [ok]   2024-03-07: 8,380B
  [ok]   2024-03-08: 8,376B
  [ok]   2024-03-11: 8,392B
  [ok]   2024-03-12: 8,384B
  [ok]   2024-03-13: 8,382B
  [ok]   2024-03-14: 8,380B
  [ok]   2024-03-15: 8,384B
  [ok]   2024-03-18: 8,384B
  [ok]   2024-03-19: 8,383B
  [ok]   2024-03-20: 8,384B
  [ok]   2024-03-21: 8,382B
  [ok]   2024-03-22: 8,445B
  [ok]   2024-03-25: 8,441B
  [ok]   2024-03-26: 8,442B
  [ok]   2024-03-27: 8,438B
  [ok]   2024-03-28: 8,497B
  [ok]   2024-03-29: 8,483B
  [ok]   2024-04-01: 8,492B
  [ok]   2024-04-02: 8,491B
  [ok]   2024-04-03: 8,490B
  [ok]   2024-04-04: 8,525B
  [ok]   2024-04-05: 8,527B
  [ok]   2024-04-08: 8,596B
  [ok]   2024-04-09: 8,532B
  [ok]   2024-04-11: 8,530B
  [ok]   2024-04-12: 8,534B
  [ok]   2024-04-15: 8,524B
  [ok]   2024-04-16: 8,629B
  [ok]   2024-04-17: 8,622B
  [ok]   2024-04-18: 8,629B
  [ok]   2024-04-19: 8,627B
  [ok]   2024-04-22: 8,625B
  [ok]   2024-04-23: 8,639B
  [ok]   2024-04-24: 8,633B
  [ok]   2024-04-25: 8,640B
  [ok]   2024-04-26: 8,637B
  [ok]   2024-04-29: 8,625B
  [ok]   2024-04-30: 8,692B
  [ok]   2024-05-02: 8,673B
  [ok]   2024-05-03: 8,669B
  [ok]   2024-05-07: 8,618B
  [ok]   2024-05-08: 8,617B
  [ok]   2024-05-09: 8,620B
  [ok]   2024-05-10: 8,635B
  [ok]   2024-05-13: 8,628B
  [ok]   2024-05-14: 8,574B
  [ok]   2024-05-16: 8,568B
  [ok]   2024-05-17: 8,585B
  [ok]   2024-05-20: 8,582B
  [ok]   2024-05-21: 8,588B
  [ok]   2024-05-22: 8,573B
  [ok]   2024-05-23: 8,583B
  [ok]   2024-05-24: 8,577B
  [ok]   2024-05-27: 8,584B
  [ok]   2024-05-28: 8,582B
  [ok]   2024-05-29: 8,577B
  [ok]   2024-05-30: 8,572B
  [ok]   2024-05-31: 8,633B
  [ok]   2024-06-03: 8,615B
  [ok]   2024-06-04: 8,565B
  [ok]   2024-06-05: 8,587B
  [ok]   2024-06-07: 8,567B
  [ok]   2024-06-10: 8,574B
  [ok]   2024-06-11: 8,584B
  [ok]   2024-06-12: 8,530B
  [ok]   2024-06-13: 8,544B
  [ok]   2024-06-14: 8,541B
  [ok]   2024-06-17: 8,541B
  [ok]   2024-06-18: 8,541B
  [ok]   2024-06-19: 8,549B
  [ok]   2024-06-20: 8,546B
  [ok]   2024-06-21: 8,545B
  [ok]   2024-06-24: 8,533B
  [ok]   2024-06-25: 8,541B
  [ok]   2024-06-26: 8,533B
  [ok]   2024-06-27: 8,530B
  [ok]   2024-06-28: 8,531B
  [ok]   2024-07-01: 8,539B
  [ok]   2024-07-02: 8,489B
  [ok]   2024-07-03: 8,481B
  [ok]   2024-07-04: 8,497B
  [ok]   2024-07-05: 8,492B
  [ok]   2024-07-08: 8,491B
  [ok]   2024-07-09: 8,491B
  [ok]   2024-07-10: 8,492B
  [ok]   2024-07-11: 8,494B
  [ok]   2024-07-12: 8,497B
  [ok]   2024-07-15: 8,503B
  [ok]   2024-07-16: 8,493B
  [ok]   2024-07-17: 8,497B
  [ok]   2024-07-18: 8,493B
  [ok]   2024-07-19: 8,493B
  [ok]   2024-07-22: 8,497B
  [ok]   2024-07-23: 8,434B
  [ok]   2024-07-24: 8,446B
  [ok]   2024-07-25: 8,433B
  [ok]   2024-07-26: 8,425B
  [ok]   2024-07-29: 8,440B
  [ok]   2024-07-30: 8,439B
  [ok]   2024-07-31: 8,439B
  [ok]   2024-08-01: 8,442B
  [ok]   2024-08-02: 8,396B
  [ok]   2024-08-05: 8,385B
  [ok]   2024-08-06: 8,391B
  [ok]   2024-08-07: 8,388B
  [ok]   2024-08-08: 8,382B
  [ok]   2024-08-09: 8,387B
  [ok]   2024-08-12: 8,391B
  [ok]   2024-08-13: 8,389B
  [ok]   2024-08-14: 8,390B
  [ok]   2024-08-16: 8,397B
  [ok]   2024-08-19: 8,389B
  [ok]   2024-08-20: 8,494B
  [ok]   2024-08-21: 8,494B
  [ok]   2024-08-22: 8,487B
  [ok]   2024-08-23: 8,488B
  [ok]   2024-08-26: 8,484B
  [ok]   2024-08-27: 8,494B
  [ok]   2024-08-28: 8,492B
  [ok]   2024-08-29: 8,492B
  [ok]   2024-08-30: 8,500B
  [ok]   2024-09-02: 8,496B
  [ok]   2024-09-03: 8,500B
  [ok]   2024-09-04: 8,494B
  [ok]   2024-09-05: 8,496B
  [ok]   2024-09-06: 8,482B
  [ok]   2024-09-09: 8,487B
  [ok]   2024-09-10: 8,492B
  [ok]   2024-09-11: 8,495B
  [ok]   2024-09-12: 8,503B
  [ok]   2024-09-13: 8,494B
  [ok]   2024-09-19: 8,492B
  [ok]   2024-09-20: 8,491B
  [ok]   2024-09-23: 8,476B
  [ok]   2024-09-24: 8,499B
  [ok]   2024-09-25: 8,494B
  [ok]   2024-09-26: 8,490B
  [ok]   2024-09-27: 8,482B
  [ok]   2024-09-30: 8,432B
  [ok]   2024-10-02: 8,434B
  [ok]   2024-10-04: 8,434B
  [ok]   2024-10-07: 8,426B
  [ok]   2024-10-08: 8,429B
  [ok]   2024-10-10: 8,431B
  [ok]   2024-10-11: 8,428B
  [ok]   2024-10-14: 8,429B
  [ok]   2024-10-15: 8,424B
  [ok]   2024-10-16: 8,423B
  [ok]   2024-10-17: 8,421B
  [ok]   2024-10-18: 8,434B
  [ok]   2024-10-21: 8,430B
  [ok]   2024-10-22: 8,425B
  [ok]   2024-10-23: 8,431B
  [ok]   2024-10-24: 8,441B
  [ok]   2024-10-25: 8,431B
  [ok]   2024-10-28: 8,439B
  [ok]   2024-10-29: 8,434B
  [ok]   2024-10-30: 8,499B
  [ok]   2024-10-31: 8,493B
  [ok]   2024-11-01: 8,489B
  [ok]   2024-11-04: 8,486B
  [ok]   2024-11-05: 8,492B
  [ok]   2024-11-06: 8,491B
  [ok]   2024-11-07: 8,488B
  [ok]   2024-11-08: 8,433B
  [ok]   2024-11-11: 8,423B
  [ok]   2024-11-12: 8,436B
  [ok]   2024-11-13: 8,448B
  [ok]   2024-11-14: 8,438B
  [ok]   2024-11-15: 8,422B
  [ok]   2024-11-18: 8,384B
  [ok]   2024-11-19: 8,376B
  [ok]   2024-11-20: 8,380B
  [ok]   2024-11-21: 8,390B
  [ok]   2024-11-22: 8,388B
  [ok]   2024-11-25: 8,381B
  [ok]   2024-11-26: 8,380B
  [ok]   2024-11-27: 8,386B
  [ok]   2024-11-28: 8,384B
  [ok]   2024-11-29: 8,374B
  [ok]   2024-12-02: 8,382B
  [ok]   2024-12-03: 8,372B
  [ok]   2024-12-04: 8,381B
  [ok]   2024-12-05: 8,368B
  [ok]   2024-12-06: 8,378B
  [ok]   2024-12-09: 8,381B
  [ok]   2024-12-10: 8,428B
  [ok]   2024-12-11: 8,423B
  [ok]   2024-12-12: 8,441B
  [ok]   2024-12-13: 8,485B
  [ok]   2024-12-16: 8,488B
  [ok]   2024-12-17: 8,483B
  [ok]   2024-12-18: 8,487B
  [ok]   2024-12-19: 8,482B
  [ok]   2024-12-20: 8,483B
  [ok]   2024-12-23: 8,485B
  [ok]   2024-12-24: 8,485B
  [ok]   2024-12-26: 8,484B
  [ok]   2024-12-27: 8,496B
  [ok]   2024-12-30: 8,487B
  [ok]   2025-01-02: 8,484B
  [ok]   2025-01-03: 8,482B
  [ok]   2025-01-06: 8,477B
  [ok]   2025-01-07: 8,574B
  [ok]   2025-01-08: 8,535B
  [ok]   2025-01-09: 8,593B
  [ok]   2025-01-10: 8,596B
  [ok]   2025-01-13: 8,582B
  [ok]   2025-01-14: 8,577B
  [ok]   2025-01-15: 8,585B
  [ok]   2025-01-16: 8,584B
  [ok]   2025-01-17: 8,581B
  [ok]   2025-01-20: 8,576B
  [ok]   2025-01-21: 8,580B
  [ok]   2025-01-22: 8,710B
  [ok]   2025-01-23: 8,749B
  [ok]   2025-01-24: 8,748B
  [ok]   2025-01-31: 8,755B
  [ok]   2025-02-03: 8,736B
  [ok]   2025-02-04: 8,751B
  [ok]   2025-02-05: 8,750B
  [ok]   2025-02-06: 8,749B
  [ok]   2025-02-07: 8,754B
  [ok]   2025-02-10: 8,775B
  [ok]   2025-02-11: 8,759B
  [ok]   2025-02-12: 8,760B
  [ok]   2025-02-13: 8,753B
  [ok]   2025-02-14: 8,795B
  [ok]   2025-02-17: 8,854B
  [ok]   2025-02-18: 8,842B
  [ok]   2025-02-19: 8,843B
  [ok]   2025-02-20: 8,829B
  [ok]   2025-02-21: 8,839B
  [ok]   2025-02-24: 8,841B
  [ok]   2025-02-25: 8,829B
  [ok]   2025-02-26: 8,833B
  [ok]   2025-02-27: 8,840B
  [ok]   2025-02-28: 8,834B
  [ok]   2025-03-04: 8,831B
  [ok]   2025-03-05: 8,837B
  [ok]   2025-03-06: 8,845B
  [ok]   2025-03-07: 8,839B
  [ok]   2025-03-10: 8,843B
  [ok]   2025-03-11: 8,740B
  [ok]   2025-03-12: 8,739B
  [ok]   2025-03-13: 8,732B
  [ok]   2025-03-14: 8,737B
  [ok]   2025-03-17: 8,736B
  [ok]   2025-03-18: 8,745B
  [ok]   2025-03-19: 8,752B
  [ok]   2025-03-20: 8,755B
  [ok]   2025-03-21: 8,758B
  [ok]   2025-03-24: 8,741B
  [ok]   2025-03-25: 8,747B
  [ok]   2025-03-26: 8,742B
  [ok]   2025-03-27: 8,746B
  [ok]   2025-03-28: 8,751B
  [ok]   2025-03-31: 8,747B
  [ok]   2025-04-01: 8,748B
  [ok]   2025-04-02: 8,738B
  [ok]   2025-04-03: 8,795B
  [ok]   2025-04-04: 8,794B
  [ok]   2025-04-07: 8,792B
  [ok]   2025-04-08: 8,796B
  [ok]   2025-04-09: 8,792B
  [ok]   2025-04-10: 8,789B
  [ok]   2025-04-11: 8,800B
  [ok]   2025-04-14: 8,785B
  [ok]   2025-04-15: 8,694B
  [ok]   2025-04-16: 8,705B
  [ok]   2025-04-17: 8,701B
  [ok]   2025-04-18: 8,707B
  [ok]   2025-04-21: 8,709B
  [ok]   2025-04-22: 8,691B
  [ok]   2025-04-23: 8,684B
  [ok]   2025-04-24: 8,682B
  [ok]   2025-04-25: 8,679B
  [ok]   2025-04-28: 8,677B
  [ok]   2025-04-29: 8,688B
  [ok]   2025-04-30: 8,684B
  [ok]   2025-05-02: 8,691B
  [ok]   2025-05-07: 8,693B
  [ok]   2026-05-14: 8,804B
  [ok]   2026-05-15: 8,817B
  [ok]   2026-05-18: 8,816B
  [ok]   2026-05-19: 8,807B
  [ok]   2026-05-20: 8,754B
  [ok]   2026-05-21: 8,755B
  [ok]   2026-05-22: 8,761B
  [ok]   2026-05-26: 8,765B
  [ok]   2026-05-27: 8,751B
  [ok]   2026-05-28: 8,801B
  [ok]   2026-05-29: 8,804B
  [ok]   2026-06-01: 8,804B
  [ok]   2026-06-02: 8,797B
  [ok]   2026-06-04: 8,803B
  [ok]   2026-06-05: 8,800B
  [ok]   2026-06-08: 8,794B
  [ok]   2026-06-09: 8,799B
  [ok]   2026-06-10: 8,822B
  [ok]   2026-06-11: 8,692B
  [ok]   2026-06-12: 8,676B
  -> saved 753 | skipped 248 | no-data 69 | removed-empty 17 | failed 0

=== [idx= 5] TIME 미국S&P500액티브 (2022-05-09 ~ 2026-06-14, 1070 weekdays) ===
  [ok]   2022-05-09: 6,525B
  [ok]   2022-05-10: 6,530B
  [ok]   2022-05-11: 15,685B
  [ok]   2022-05-12: 15,699B
  [ok]   2022-05-13: 15,711B
  [ok]   2022-05-16: 15,796B
  [ok]   2022-05-17: 15,798B
  [ok]   2022-05-18: 15,785B
  [ok]   2022-05-19: 15,786B
  [ok]   2022-05-20: 15,788B
  [ok]   2022-05-23: 15,770B
  [ok]   2022-05-24: 15,782B
  [ok]   2022-05-25: 15,769B
  [ok]   2022-05-26: 16,294B
  [ok]   2022-05-27: 16,291B
  [ok]   2022-05-30: 16,311B
  [ok]   2022-05-31: 16,299B
  [ok]   2022-06-02: 16,315B
  [ok]   2022-06-03: 16,324B
  [ok]   2022-06-07: 16,277B
  [ok]   2022-06-08: 16,329B
  [ok]   2022-06-09: 15,130B
  [ok]   2022-06-10: 15,269B
  [ok]   2022-06-13: 15,243B
  [ok]   2022-06-14: 15,255B
  [ok]   2022-06-15: 15,244B
  [ok]   2022-06-16: 15,240B
  [ok]   2022-06-17: 15,240B
  [ok]   2022-06-20: 15,280B
  [ok]   2022-06-21: 15,271B
  [ok]   2022-06-22: 15,279B
  [ok]   2022-06-23: 15,271B
  [ok]   2022-06-24: 15,258B
  [ok]   2022-06-27: 15,255B
  [ok]   2022-06-28: 15,249B
  [ok]   2022-06-29: 15,279B
  [ok]   2022-06-30: 15,259B
  [ok]   2022-07-01: 15,307B
  [ok]   2022-07-04: 15,269B
  [ok]   2022-07-05: 15,296B
  [ok]   2022-07-06: 15,169B
  [ok]   2022-07-07: 15,168B
  [ok]   2022-07-08: 15,145B
  [ok]   2022-07-11: 15,237B
  [ok]   2022-07-12: 15,312B
  [ok]   2022-07-13: 15,286B
  [ok]   2022-07-14: 15,302B
  [ok]   2022-07-15: 15,258B
  [ok]   2022-07-18: 15,277B
  [ok]   2022-07-19: 15,274B
  [ok]   2022-07-20: 15,258B
  [ok]   2022-07-21: 15,280B
  [ok]   2022-07-22: 15,281B
  [ok]   2022-07-25: 15,241B
  [ok]   2022-07-26: 15,229B
  [ok]   2022-07-27: 15,199B
  [ok]   2022-07-28: 15,193B
  [ok]   2022-07-29: 15,207B
  [ok]   2022-08-01: 15,162B
  [ok]   2022-08-02: 15,186B
  [ok]   2022-08-03: 15,202B
  [ok]   2022-08-04: 15,188B
  [ok]   2022-08-05: 15,139B
  [ok]   2022-08-08: 15,149B
  [ok]   2022-08-09: 15,143B
  [ok]   2022-08-10: 15,163B
  [ok]   2022-08-11: 15,267B
  [ok]   2022-08-12: 15,234B
  [ok]   2022-08-16: 15,207B
  [ok]   2022-08-17: 15,283B
  [ok]   2022-08-18: 15,267B
  [ok]   2022-08-19: 15,275B
  [ok]   2022-08-22: 15,281B
  [ok]   2022-08-23: 15,257B
  [ok]   2022-08-24: 15,288B
  [ok]   2022-08-25: 15,252B
  [ok]   2022-08-26: 15,275B
  [ok]   2022-08-29: 15,255B
  [ok]   2022-08-30: 15,267B
  [ok]   2022-08-31: 15,268B
  [ok]   2022-09-01: 15,251B
  [ok]   2022-09-02: 15,251B
  [ok]   2022-09-05: 15,208B
  [ok]   2022-09-06: 15,194B
  [ok]   2022-09-07: 15,213B
  [ok]   2022-09-08: 15,188B
  [ok]   2022-09-13: 15,208B
  [ok]   2022-09-14: 15,139B
  [ok]   2022-09-15: 15,130B
  [ok]   2022-09-16: 15,143B
  [ok]   2022-09-19: 15,144B
  [ok]   2022-09-20: 15,105B
  [ok]   2022-09-21: 15,086B
  [ok]   2022-09-22: 15,109B
  [ok]   2022-09-23: 15,034B
  [ok]   2022-09-26: 14,971B
  [ok]   2022-09-27: 15,516B
  [ok]   2022-09-28: 15,565B
  [ok]   2022-09-29: 15,647B
  [ok]   2022-09-30: 15,648B
  [ok]   2022-10-04: 15,659B
  [ok]   2022-10-05: 15,631B
  [ok]   2022-10-06: 15,885B
  [ok]   2022-10-07: 15,826B
  [ok]   2022-10-11: 15,836B
  [ok]   2022-10-12: 15,762B
  [ok]   2022-10-13: 15,791B
  [ok]   2022-10-14: 15,790B
  [ok]   2022-10-17: 15,786B
  [ok]   2022-10-18: 15,829B
  [ok]   2022-10-19: 15,762B
  [ok]   2022-10-20: 15,724B
  [ok]   2022-10-21: 15,699B
  [ok]   2022-10-24: 15,713B
  [ok]   2022-10-25: 15,726B
  [ok]   2022-10-26: 15,794B
  [ok]   2022-10-27: 15,762B
  [ok]   2022-10-28: 15,749B
  [ok]   2022-10-31: 15,823B
  [ok]   2022-11-01: 15,841B
  [ok]   2022-11-02: 15,866B
  [ok]   2022-11-03: 15,908B
  [ok]   2022-11-04: 15,837B
  [ok]   2022-11-07: 15,846B
  [ok]   2022-11-08: 15,857B
  [ok]   2022-11-09: 15,862B
  [ok]   2022-11-10: 15,832B
  [ok]   2022-11-11: 15,840B
  [ok]   2022-11-14: 15,777B
  [ok]   2022-11-15: 15,733B
  [ok]   2022-11-16: 15,741B
  [ok]   2022-11-17: 15,732B
  [ok]   2022-11-18: 15,707B
  [ok]   2022-11-21: 15,691B
  [ok]   2022-11-22: 15,711B
  [ok]   2022-11-23: 15,714B
  [ok]   2022-11-24: 15,703B
  [ok]   2022-11-25: 15,702B
  [ok]   2022-11-28: 15,701B
  [ok]   2022-11-29: 15,700B
  [ok]   2022-11-30: 15,659B
  [ok]   2022-12-01: 15,669B
  [ok]   2022-12-02: 15,674B
  [ok]   2022-12-05: 15,679B
  [ok]   2022-12-06: 15,642B
  [ok]   2022-12-07: 15,706B
  [ok]   2022-12-08: 15,724B
  [ok]   2022-12-09: 15,753B
  [ok]   2022-12-12: 15,684B
  [ok]   2022-12-13: 15,503B
  [ok]   2022-12-14: 15,565B
  [ok]   2022-12-15: 15,525B
  [ok]   2022-12-16: 15,536B
  [ok]   2022-12-19: 15,544B
  [ok]   2022-12-20: 15,574B
  [ok]   2022-12-21: 15,547B
  [ok]   2022-12-22: 15,545B
  [ok]   2022-12-23: 15,550B
  [ok]   2022-12-26: 15,531B
  [ok]   2022-12-27: 15,544B
  [ok]   2022-12-28: 15,550B
  [ok]   2022-12-29: 15,518B
  [ok]   2023-01-02: 15,555B
  [ok]   2023-01-03: 15,563B
  [ok]   2023-01-04: 15,554B
  [ok]   2023-01-05: 15,553B
  [ok]   2023-01-06: 15,571B
  [ok]   2023-01-09: 15,563B
  [ok]   2023-01-10: 15,561B
  [ok]   2023-01-11: 15,564B
  [ok]   2023-01-12: 15,577B
  [ok]   2023-01-13: 15,492B
  [ok]   2023-01-16: 15,497B
  [ok]   2023-01-17: 15,485B
  [ok]   2023-01-18: 15,490B
  [ok]   2023-01-19: 15,472B
  [ok]   2023-01-20: 15,487B
  [ok]   2023-01-25: 15,503B
  [ok]   2023-01-26: 15,529B
  [ok]   2023-01-27: 15,489B
  [ok]   2023-01-30: 15,500B
  [ok]   2023-01-31: 15,513B
  [ok]   2023-02-01: 15,475B
  [ok]   2023-02-02: 15,499B
  [ok]   2023-02-03: 15,483B
  [ok]   2023-02-06: 15,528B
  [ok]   2023-02-07: 15,581B
  [ok]   2023-02-08: 15,561B
  [ok]   2023-02-09: 15,530B
  [ok]   2023-02-10: 15,513B
  [ok]   2023-02-13: 15,526B
  [ok]   2023-02-14: 15,522B
  [ok]   2023-02-15: 15,459B
  [ok]   2023-02-16: 15,456B
  [ok]   2023-02-17: 15,472B
  [ok]   2023-02-20: 15,445B
  [ok]   2023-02-21: 15,445B
  [ok]   2023-02-22: 15,467B
  [ok]   2023-02-23: 15,467B
  [ok]   2023-02-24: 15,465B
  [ok]   2023-02-27: 15,457B
  [ok]   2023-02-28: 15,447B
  [ok]   2023-03-02: 15,502B
  [ok]   2023-03-03: 15,555B
  [ok]   2023-03-06: 15,547B
  [ok]   2023-03-07: 15,559B
  [ok]   2023-03-08: 15,545B
  [ok]   2023-03-09: 15,552B
  [ok]   2023-03-10: 15,563B
  [ok]   2023-03-13: 15,559B
  [ok]   2023-03-14: 15,551B
  [ok]   2023-03-15: 15,564B
  [ok]   2023-03-16: 15,548B
  [ok]   2023-03-17: 15,542B
  [ok]   2023-03-20: 15,609B
  [ok]   2023-03-21: 15,599B
  [ok]   2023-03-22: 14,679B
  [ok]   2023-03-23: 14,734B
  [ok]   2023-03-24: 13,441B
  [ok]   2023-03-27: 13,460B
  [ok]   2023-03-28: 13,486B
  [ok]   2023-03-29: 13,396B
  [ok]   2023-03-30: 12,529B
  [ok]   2023-03-31: 11,631B
  [ok]   2023-04-03: 11,636B
  [ok]   2023-04-04: 11,643B
  [ok]   2023-04-05: 11,630B
  [ok]   2023-04-06: 11,763B
  [ok]   2023-04-07: 11,698B
  [ok]   2023-04-10: 11,694B
  [ok]   2023-04-11: 11,695B
  [ok]   2023-04-12: 11,703B
  [ok]   2023-04-13: 11,701B
  [ok]   2023-04-14: 11,708B
  [ok]   2023-04-17: 11,713B
  [ok]   2023-04-18: 11,725B
  [ok]   2023-04-19: 11,659B
  [ok]   2023-04-20: 11,711B
  [ok]   2023-04-21: 11,721B
  [ok]   2023-04-24: 11,703B
  [ok]   2023-04-25: 11,800B
  [ok]   2023-04-26: 11,744B
  [ok]   2023-04-27: 11,758B
  [ok]   2023-04-28: 11,723B
  [ok]   2023-05-02: 11,729B
  [ok]   2023-05-03: 11,718B
  [ok]   2023-05-04: 11,631B
  [ok]   2023-05-08: 11,627B
  [ok]   2023-05-09: 11,632B
  [ok]   2023-05-10: 11,639B
  [ok]   2023-05-11: 11,626B
  [ok]   2023-05-12: 11,629B
  [ok]   2023-05-15: 11,634B
  [ok]   2023-05-16: 11,647B
  [ok]   2023-05-17: 11,621B
  [ok]   2023-05-18: 11,616B
  [ok]   2023-05-19: 11,617B
  [ok]   2023-05-22: 11,612B
  [ok]   2023-05-23: 11,629B
  [ok]   2023-05-24: 11,611B
  [ok]   2023-05-25: 11,605B
  [ok]   2023-05-26: 11,601B
  [ok]   2023-05-30: 11,622B
  [ok]   2023-05-31: 11,610B
  [ok]   2023-06-01: 11,612B
  [ok]   2023-06-02: 11,633B
  [ok]   2023-06-05: 11,629B
  [ok]   2023-06-07: 11,634B
  [ok]   2023-06-08: 11,061B
  [ok]   2023-06-09: 11,092B
  [ok]   2023-06-12: 11,092B
  [ok]   2023-06-13: 11,042B
  [ok]   2023-06-14: 11,095B
  [ok]   2023-06-15: 11,081B
  [ok]   2023-06-16: 11,087B
  [ok]   2023-06-19: 11,087B
  [ok]   2023-06-20: 11,096B
  [ok]   2023-06-21: 11,039B
  [ok]   2023-06-22: 11,034B
  [ok]   2023-06-23: 11,024B
  [ok]   2023-06-26: 11,033B
  [ok]   2023-06-27: 11,033B
  [ok]   2023-06-28: 11,019B
  [ok]   2023-06-29: 11,036B
  [ok]   2023-06-30: 11,035B
  [ok]   2023-07-03: 11,028B
  [ok]   2023-07-04: 11,113B
  [ok]   2023-07-05: 11,107B
  [ok]   2023-07-06: 11,111B
  [ok]   2023-07-07: 11,120B
  [ok]   2023-07-10: 11,108B
  [ok]   2023-07-11: 11,123B
  [ok]   2023-07-12: 11,119B
  [ok]   2023-07-13: 10,979B
  [ok]   2023-07-14: 10,967B
  [ok]   2023-07-17: 10,966B
  [ok]   2023-07-18: 10,977B
  [ok]   2023-07-19: 10,969B
  [ok]   2023-07-20: 10,968B
  [ok]   2023-07-21: 10,970B
  [ok]   2023-07-24: 10,983B
  [ok]   2023-07-25: 10,945B
  [ok]   2023-07-26: 10,915B
  [ok]   2023-07-27: 10,917B
  [ok]   2023-07-28: 10,929B
  [ok]   2023-07-31: 10,913B
  [ok]   2023-08-01: 10,907B
  [ok]   2023-08-02: 9,667B
  [ok]   2023-08-03: 9,673B
  [ok]   2023-08-04: 9,681B
  [ok]   2023-08-07: 9,678B
  [ok]   2023-08-08: 9,667B
  [ok]   2023-08-09: 9,675B
  [ok]   2023-08-10: 9,668B
  [ok]   2023-08-11: 9,667B
  [ok]   2023-08-14: 9,677B
  [ok]   2023-08-16: 9,666B
  [ok]   2023-08-17: 9,678B
  [ok]   2023-08-18: 9,678B
  [ok]   2023-08-21: 9,683B
  [ok]   2023-08-22: 9,685B
  [ok]   2023-08-23: 9,675B
  [ok]   2023-08-24: 9,673B
  [ok]   2023-08-25: 9,672B
  [ok]   2023-08-28: 9,684B
  [ok]   2023-08-29: 9,671B
  [ok]   2023-08-30: 9,668B
  [ok]   2023-08-31: 9,661B
  [ok]   2023-09-01: 9,688B
  [ok]   2023-09-04: 9,675B
  [ok]   2023-09-05: 9,690B
  [ok]   2023-09-06: 9,689B
  [ok]   2023-09-07: 9,686B
  [ok]   2023-09-08: 9,686B
  [ok]   2023-09-11: 9,675B
  [ok]   2023-09-12: 9,726B
  [ok]   2023-09-13: 9,745B
  [ok]   2023-09-14: 9,732B
  [ok]   2023-09-15: 9,734B
  [ok]   2023-09-18: 9,726B
  [ok]   2023-09-19: 9,121B
  [ok]   2023-09-20: 9,137B
  [ok]   2023-09-21: 9,139B
  [ok]   2023-09-22: 9,140B
  [ok]   2023-09-25: 9,147B
  [ok]   2023-09-26: 9,143B
  [ok]   2023-09-27: 9,141B
  [ok]   2023-10-04: 9,136B
  [ok]   2023-10-05: 9,137B
  [ok]   2023-10-06: 9,149B
  [ok]   2023-10-10: 9,146B
  [ok]   2023-10-11: 9,143B
  [ok]   2023-10-12: 9,139B
  [ok]   2023-10-13: 9,144B
  [ok]   2023-10-16: 9,138B
  [ok]   2023-10-17: 9,157B
  [ok]   2023-10-18: 9,193B
  [ok]   2023-10-19: 9,198B
  [ok]   2023-10-20: 9,201B
  [ok]   2023-10-23: 9,215B
  [ok]   2023-10-24: 9,208B
  [ok]   2023-10-25: 9,203B
  [ok]   2023-10-26: 9,193B
  [ok]   2023-10-27: 9,255B
  [ok]   2023-10-30: 9,261B
  [ok]   2023-10-31: 9,256B
  [ok]   2023-11-01: 9,251B
  [ok]   2023-11-02: 9,264B
  [ok]   2023-11-03: 9,265B
  [ok]   2023-11-06: 9,259B
  [ok]   2023-11-07: 9,239B
  [ok]   2023-11-08: 9,307B
  [ok]   2023-11-09: 9,313B
  [ok]   2023-11-10: 9,305B
  [ok]   2023-11-13: 9,301B
  [ok]   2023-11-14: 9,315B
  [ok]   2023-11-15: 9,313B
  [ok]   2023-11-16: 9,310B
  [ok]   2023-11-17: 9,309B
  [ok]   2023-11-20: 9,317B
  [ok]   2023-11-21: 9,304B
  [ok]   2023-11-22: 9,311B
  [ok]   2023-11-23: 9,305B
  [ok]   2023-11-24: 9,317B
  [ok]   2023-11-27: 9,311B
  [ok]   2023-11-28: 9,323B
  [ok]   2023-11-29: 9,357B
  [ok]   2023-11-30: 9,343B
  [ok]   2023-12-01: 9,358B
  [ok]   2023-12-04: 9,350B
  [ok]   2023-12-05: 9,340B
  [ok]   2023-12-06: 9,355B
  [ok]   2023-12-07: 9,352B
  [ok]   2023-12-08: 9,366B
  [ok]   2023-12-11: 9,345B
  [ok]   2023-12-12: 9,355B
  [ok]   2023-12-13: 9,346B
  [ok]   2023-12-14: 9,342B
  [ok]   2023-12-15: 9,338B
  [ok]   2023-12-18: 9,349B
  [ok]   2023-12-19: 9,349B
  [ok]   2023-12-20: 9,332B
  [ok]   2023-12-21: 9,346B
  [ok]   2023-12-22: 9,352B
  [ok]   2023-12-26: 9,346B
  [ok]   2023-12-27: 9,341B
  [ok]   2023-12-28: 9,349B
  [ok]   2024-01-02: 9,339B
  [ok]   2024-01-03: 9,341B
  [ok]   2024-01-04: 9,337B
  [ok]   2024-01-05: 9,339B
  [ok]   2024-01-08: 9,338B
  [ok]   2024-01-09: 9,338B
  [ok]   2024-01-10: 9,342B
  [ok]   2024-01-11: 9,337B
  [ok]   2024-01-12: 9,346B
  [ok]   2024-01-15: 9,345B
  [ok]   2024-01-16: 9,354B
  [ok]   2024-01-17: 9,298B
  [ok]   2024-01-18: 9,313B
  [ok]   2024-01-19: 9,314B
  [ok]   2024-01-22: 9,316B
  [ok]   2024-01-23: 9,318B
  [ok]   2024-01-24: 9,312B
  [ok]   2024-01-25: 9,315B
  [ok]   2024-01-26: 9,310B
  [ok]   2024-01-29: 9,300B
  [ok]   2024-01-30: 9,302B
  [ok]   2024-01-31: 9,317B
  [ok]   2024-02-01: 9,303B
  [ok]   2024-02-02: 9,303B
  [ok]   2024-02-05: 9,294B
  [ok]   2024-02-06: 9,292B
  [ok]   2024-02-07: 9,308B
  [ok]   2024-02-08: 9,311B
  [ok]   2024-02-13: 9,301B
  [ok]   2024-02-14: 9,353B
  [ok]   2024-02-15: 9,361B
  [ok]   2024-02-16: 9,368B
  [ok]   2024-02-19: 9,356B
  [ok]   2024-02-20: 9,354B
  [ok]   2024-02-21: 9,361B
  [ok]   2024-02-22: 9,375B
  [ok]   2024-02-23: 9,371B
  [ok]   2024-02-26: 9,384B
  [ok]   2024-02-27: 9,414B
  [ok]   2024-02-28: 9,419B
  [ok]   2024-02-29: 9,413B
  [ok]   2024-03-04: 9,417B
  [ok]   2024-03-05: 9,468B
  [ok]   2024-03-06: 9,467B
  [ok]   2024-03-07: 9,476B
  [ok]   2024-03-08: 9,475B
  [ok]   2024-03-11: 9,410B
  [ok]   2024-03-12: 9,414B
  [ok]   2024-03-13: 9,484B
  [ok]   2024-03-14: 9,480B
  [ok]   2024-03-15: 9,532B
  [ok]   2024-03-18: 9,484B
  [ok]   2024-03-19: 9,523B
  [ok]   2024-03-20: 9,590B
  [ok]   2024-03-21: 9,577B
  [ok]   2024-03-22: 9,632B
  [ok]   2024-03-25: 9,617B
  [ok]   2024-03-26: 9,643B
  [ok]   2024-03-27: 9,628B
  [ok]   2024-03-28: 9,616B
  [ok]   2024-03-29: 9,615B
  [ok]   2024-04-01: 9,621B
  [ok]   2024-04-02: 9,626B
  [ok]   2024-04-03: 9,624B
  [ok]   2024-04-04: 9,549B
  [ok]   2024-04-05: 9,560B
  [ok]   2024-04-08: 9,562B
  [ok]   2024-04-09: 9,552B
  [ok]   2024-04-11: 9,561B
  [ok]   2024-04-12: 9,573B
  [ok]   2024-04-15: 9,539B
  [ok]   2024-04-16: 9,603B
  [ok]   2024-04-17: 9,610B
  [ok]   2024-04-18: 9,618B
  [ok]   2024-04-19: 9,620B
  [ok]   2024-04-22: 9,609B
  [ok]   2024-04-23: 9,536B
  [ok]   2024-04-24: 9,532B
  [ok]   2024-04-25: 9,516B
  [ok]   2024-04-26: 9,514B
  [ok]   2024-04-29: 9,530B
  [ok]   2024-04-30: 9,542B
  [ok]   2024-05-02: 9,531B
  [ok]   2024-05-03: 9,547B
  [ok]   2024-05-07: 9,532B
  [ok]   2024-05-08: 9,546B
  [ok]   2024-05-09: 9,535B
  [ok]   2024-05-10: 9,553B
  [ok]   2024-05-13: 9,553B
  [ok]   2024-05-14: 9,601B
  [ok]   2024-05-16: 9,593B
  [ok]   2024-05-17: 9,605B
  [ok]   2024-05-20: 9,602B
  [ok]   2024-05-21: 9,599B
  [ok]   2024-05-22: 9,598B
  [ok]   2024-05-23: 9,593B
  [ok]   2024-05-24: 9,592B
  [ok]   2024-05-27: 9,581B
  [ok]   2024-05-28: 9,586B
  [ok]   2024-05-29: 9,502B
  [ok]   2024-05-30: 9,487B
  [ok]   2024-05-31: 9,482B
  [ok]   2024-06-03: 9,493B
  [ok]   2024-06-04: 9,643B
  [ok]   2024-06-05: 9,629B
  [ok]   2024-06-07: 9,654B
  [ok]   2024-06-10: 9,676B
  [ok]   2024-06-11: 9,638B
  [ok]   2024-06-12: 9,638B
  [ok]   2024-06-13: 9,633B
  [ok]   2024-06-14: 9,622B
  [ok]   2024-06-17: 9,634B
  [ok]   2024-06-18: 9,622B
  [ok]   2024-06-19: 9,630B
  [ok]   2024-06-20: 9,639B
  [ok]   2024-06-21: 9,633B
  [ok]   2024-06-24: 9,630B
  [ok]   2024-06-25: 9,626B
  [ok]   2024-06-26: 9,673B
  [ok]   2024-06-27: 9,701B
  [ok]   2024-06-28: 9,692B
  [ok]   2024-07-01: 9,697B
  [ok]   2024-07-02: 9,691B
  [ok]   2024-07-03: 9,690B
  [ok]   2024-07-04: 9,687B
  [ok]   2024-07-05: 9,676B
  [ok]   2024-07-08: 9,681B
  [ok]   2024-07-09: 9,674B
  [ok]   2024-07-10: 9,674B
  [ok]   2024-07-11: 9,688B
  [ok]   2024-07-12: 9,691B
  [ok]   2024-07-15: 9,683B
  [ok]   2024-07-16: 9,784B
  [ok]   2024-07-17: 9,768B
  [ok]   2024-07-18: 9,780B
  [ok]   2024-07-19: 9,780B
  [ok]   2024-07-22: 9,781B
  [ok]   2024-07-23: 9,724B
  [ok]   2024-07-24: 9,741B
  [ok]   2024-07-25: 9,728B
  [ok]   2024-07-26: 9,739B
  [ok]   2024-07-29: 9,747B
  [ok]   2024-07-30: 9,722B
  [ok]   2024-07-31: 9,726B
  [ok]   2024-08-01: 9,720B
  [ok]   2024-08-02: 9,726B
  [ok]   2024-08-05: 9,739B
  [ok]   2024-08-06: 9,724B
  [ok]   2024-08-07: 9,630B
  [ok]   2024-08-08: 9,656B
  [ok]   2024-08-09: 9,611B
  [ok]   2024-08-12: 9,611B
  [ok]   2024-08-13: 9,622B
  [ok]   2024-08-14: 9,616B
  [ok]   2024-08-16: 9,627B
  [ok]   2024-08-19: 9,622B
  [ok]   2024-08-20: 9,628B
  [ok]   2024-08-21: 9,617B
  [ok]   2024-08-22: 9,621B
  [ok]   2024-08-23: 9,620B
  [ok]   2024-08-26: 9,689B
  [ok]   2024-08-27: 9,695B
  [ok]   2024-08-28: 9,690B
  [ok]   2024-08-29: 9,687B
  [ok]   2024-08-30: 9,672B
  [ok]   2024-09-02: 9,681B
  [ok]   2024-09-03: 9,677B
  [ok]   2024-09-04: 9,614B
  [ok]   2024-09-05: 9,625B
  [ok]   2024-09-06: 9,637B
  [ok]   2024-09-09: 9,654B
  [ok]   2024-09-10: 9,574B
  [ok]   2024-09-11: 9,507B
  [ok]   2024-09-12: 9,516B
  [ok]   2024-09-13: 9,464B
  [ok]   2024-09-19: 9,465B
  [ok]   2024-09-20: 9,460B
  [ok]   2024-09-23: 9,465B
  [ok]   2024-09-24: 9,468B
  [ok]   2024-09-25: 9,454B
  [ok]   2024-09-26: 9,459B
  [ok]   2024-09-27: 9,456B
  [ok]   2024-09-30: 9,459B
  [ok]   2024-10-02: 9,467B
  [ok]   2024-10-04: 9,455B
  [ok]   2024-10-07: 9,472B
  [ok]   2024-10-08: 9,455B
  [ok]   2024-10-10: 9,459B
  [ok]   2024-10-11: 9,475B
  [ok]   2024-10-14: 9,466B
  [ok]   2024-10-15: 9,453B
  [ok]   2024-10-16: 9,461B
  [ok]   2024-10-17: 9,455B
  [ok]   2024-10-18: 9,451B
  [ok]   2024-10-21: 9,452B
  [ok]   2024-10-22: 9,466B
  [ok]   2024-10-23: 9,519B
  [ok]   2024-10-24: 9,511B
  [ok]   2024-10-25: 9,502B
  [ok]   2024-10-28: 9,498B
  [ok]   2024-10-29: 9,495B
  [ok]   2024-10-30: 9,506B
  [ok]   2024-10-31: 9,500B
  [ok]   2024-11-01: 9,539B
  [ok]   2024-11-04: 9,549B
  [ok]   2024-11-05: 9,539B
  [ok]   2024-11-06: 9,544B
  [ok]   2024-11-07: 9,524B
  [ok]   2024-11-08: 9,547B
  [ok]   2024-11-11: 9,538B
  [ok]   2024-11-12: 9,557B
  [ok]   2024-11-13: 9,540B
  [ok]   2024-11-14: 9,539B
  [ok]   2024-11-15: 9,557B
  [ok]   2024-11-18: 9,540B
  [ok]   2024-11-19: 9,534B
  [ok]   2024-11-20: 9,539B
  [ok]   2024-11-21: 9,605B
  [ok]   2024-11-22: 9,591B
  [ok]   2024-11-25: 9,649B
  [ok]   2024-11-26: 9,725B
  [ok]   2024-11-27: 9,727B
  [ok]   2024-11-28: 9,733B
  [ok]   2024-11-29: 9,728B
  [ok]   2024-12-02: 9,726B
  [ok]   2024-12-03: 9,743B
  [ok]   2024-12-04: 9,725B
  [ok]   2024-12-05: 9,798B
  [ok]   2024-12-06: 9,778B
  [ok]   2024-12-09: 9,764B
  [ok]   2024-12-10: 9,822B
  [ok]   2024-12-11: 9,826B
  [ok]   2024-12-12: 9,779B
  [ok]   2024-12-13: 9,800B
  [ok]   2024-12-16: 9,798B
  [ok]   2024-12-17: 9,727B
  [ok]   2024-12-18: 9,744B
  [ok]   2024-12-19: 9,742B
  [ok]   2024-12-20: 9,740B
  [ok]   2024-12-23: 9,733B
  [ok]   2024-12-24: 9,739B
  [ok]   2024-12-26: 9,729B
  [ok]   2024-12-27: 9,736B
  [ok]   2024-12-30: 9,694B
  [ok]   2025-01-02: 9,687B
  [ok]   2025-01-03: 9,699B
  [ok]   2025-01-06: 9,680B
  [ok]   2025-01-07: 9,687B
  [ok]   2025-01-08: 9,700B
  [ok]   2025-01-09: 9,677B
  [ok]   2025-01-10: 9,675B
  [ok]   2025-01-13: 9,684B
  [ok]   2025-01-14: 9,678B
  [ok]   2025-01-15: 9,687B
  [ok]   2025-01-16: 9,680B
  [ok]   2025-01-17: 9,690B
  [ok]   2025-01-20: 9,683B
  [ok]   2025-01-21: 9,692B
  [ok]   2025-01-22: 9,730B
  [ok]   2025-01-23: 9,742B
  [ok]   2025-01-24: 9,728B
  [ok]   2025-01-31: 9,731B
  [ok]   2025-02-03: 9,741B
  [ok]   2025-02-04: 9,452B
  [ok]   2025-02-05: 9,439B
  [ok]   2025-02-06: 9,434B
  [ok]   2025-02-07: 9,446B
  [ok]   2025-02-10: 9,429B
  [ok]   2025-02-11: 9,500B
  [ok]   2025-02-12: 9,482B
  [ok]   2025-02-13: 9,495B
  [ok]   2025-02-14: 9,467B
  [ok]   2025-02-17: 9,479B
  [ok]   2025-02-18: 9,481B
  [ok]   2025-02-19: 9,581B
  [ok]   2025-02-20: 9,580B
  [ok]   2025-02-21: 9,584B
  [ok]   2025-02-24: 9,576B
  [ok]   2025-02-25: 9,583B
  [ok]   2025-02-26: 9,547B
  [ok]   2025-02-27: 9,554B
  [ok]   2025-02-28: 9,555B
  [ok]   2025-03-04: 9,541B
  [ok]   2025-03-05: 9,556B
  [ok]   2025-03-06: 9,557B
  [ok]   2025-03-07: 9,570B
  [ok]   2025-03-10: 9,573B
  [ok]   2025-03-11: 9,566B
  [ok]   2025-03-12: 9,561B
  [ok]   2025-03-13: 9,616B
  [ok]   2025-03-14: 9,627B
  [ok]   2025-03-17: 9,660B
  [ok]   2025-03-18: 9,676B
  [ok]   2025-03-19: 9,670B
  [ok]   2025-03-20: 9,649B
  [ok]   2025-03-21: 9,648B
  [ok]   2025-03-24: 9,653B
  [ok]   2025-03-25: 9,654B
  [ok]   2025-03-26: 9,703B
  [ok]   2025-03-27: 9,756B
  [ok]   2025-03-28: 9,770B
  [ok]   2025-03-31: 9,778B
  [ok]   2025-04-01: 9,761B
  [ok]   2025-04-02: 9,755B
  [ok]   2025-04-03: 9,800B
  [ok]   2025-04-04: 9,815B
  [ok]   2025-04-07: 9,811B
  [ok]   2025-04-08: 9,821B
  [ok]   2025-04-09: 9,858B
  [ok]   2025-04-10: 9,519B
  [ok]   2025-04-11: 9,530B
  [ok]   2025-04-14: 9,582B
  [ok]   2025-04-15: 9,571B
  [ok]   2025-04-16: 9,575B
  [ok]   2025-04-17: 9,563B
  [ok]   2025-04-18: 9,564B
  [ok]   2025-04-21: 9,570B
  [ok]   2025-04-22: 9,564B
  [ok]   2025-04-23: 9,550B
  [ok]   2025-04-24: 9,572B
  [ok]   2025-04-25: 9,576B
  [ok]   2025-04-28: 9,567B
  [ok]   2025-04-29: 9,241B
  [ok]   2025-04-30: 9,243B
  [ok]   2025-05-02: 9,238B
  [ok]   2025-05-07: 9,246B
  [ok]   2026-05-14: 9,466B
  [ok]   2026-05-15: 9,459B
  [ok]   2026-05-18: 9,361B
  [ok]   2026-05-19: 9,334B
  [ok]   2026-05-20: 9,432B
  [ok]   2026-05-21: 9,433B
  [ok]   2026-05-22: 9,473B
  [ok]   2026-05-26: 9,497B
  [ok]   2026-05-27: 9,427B
  [ok]   2026-05-28: 9,384B
  [ok]   2026-05-29: 9,380B
  [ok]   2026-06-01: 9,370B
  [ok]   2026-06-02: 9,427B
  [ok]   2026-06-04: 9,383B
  [ok]   2026-06-05: 9,340B
  [ok]   2026-06-08: 9,264B
  [ok]   2026-06-09: 9,272B
  [ok]   2026-06-10: 9,336B
  [ok]   2026-06-11: 9,297B
  [ok]   2026-06-12: 9,376B
  -> saved 753 | skipped 248 | no-data 69 | removed-empty 17 | failed 0

[TOTAL] saved 2997 | skipped 992 | no-data 276 | failed 0
